{"/home/leonardo/Documentos/projetos-rocket/goStack11/backend/node-01/src/modules/appointments/services/CreateAppointmentService.ts": {"path":"/home/leonardo/Documentos/projetos-rocket/goStack11/backend/node-01/src/modules/appointments/services/CreateAppointmentService.ts","statementMap":{"0":{"start":{"line":1,"column":0},"end":{"line":1,"column":39}},"1":{"start":{"line":2,"column":0},"end":{"line":2,"column":46}},"2":{"start":{"line":3,"column":0},"end":{"line":3,"column":0}},"3":{"start":{"line":4,"column":0},"end":{"line":4,"column":83}},"4":{"start":{"line":5,"column":0},"end":{"line":5,"column":79}},"5":{"start":{"line":6,"column":0},"end":{"line":6,"column":0}},"6":{"start":{"line":7,"column":0},"end":{"line":7,"column":47}},"7":{"start":{"line":8,"column":0},"end":{"line":8,"column":0}},"8":{"start":{"line":9,"column":0},"end":{"line":9,"column":23}},"9":{"start":{"line":10,"column":0},"end":{"line":10,"column":13}},"10":{"start":{"line":11,"column":0},"end":{"line":11,"column":22}},"11":{"start":{"line":12,"column":0},"end":{"line":12,"column":1}},"12":{"start":{"line":13,"column":0},"end":{"line":13,"column":0}},"13":{"start":{"line":14,"column":0},"end":{"line":14,"column":8}},"14":{"start":{"line":15,"column":0},"end":{"line":15,"column":34}},"15":{"start":{"line":16,"column":0},"end":{"line":16,"column":33}},"16":{"start":{"line":17,"column":0},"end":{"line":17,"column":0}},"17":{"start":{"line":18,"column":0},"end":{"line":18,"column":35}},"18":{"start":{"line":19,"column":0},"end":{"line":19,"column":41}},"19":{"start":{"line":20,"column":0},"end":{"line":20,"column":29}},"20":{"start":{"line":21,"column":0},"end":{"line":21,"column":70}},"21":{"start":{"line":22,"column":0},"end":{"line":22,"column":29}},"22":{"start":{"line":23,"column":0},"end":{"line":23,"column":0}},"23":{"start":{"line":24,"column":0},"end":{"line":24,"column":8}},"24":{"start":{"line":25,"column":0},"end":{"line":25,"column":36}},"25":{"start":{"line":26,"column":0},"end":{"line":26,"column":32}},"26":{"start":{"line":27,"column":0},"end":{"line":27,"column":14}},"27":{"start":{"line":28,"column":0},"end":{"line":28,"column":37}},"28":{"start":{"line":29,"column":0},"end":{"line":29,"column":60}},"29":{"start":{"line":30,"column":0},"end":{"line":30,"column":6}},"30":{"start":{"line":31,"column":0},"end":{"line":31,"column":0}},"31":{"start":{"line":32,"column":0},"end":{"line":32,"column":82}},"32":{"start":{"line":33,"column":0},"end":{"line":33,"column":46}},"33":{"start":{"line":34,"column":0},"end":{"line":34,"column":0}},"34":{"start":{"line":35,"column":0},"end":{"line":35,"column":83}},"35":{"start":{"line":36,"column":0},"end":{"line":36,"column":21}},"36":{"start":{"line":37,"column":0},"end":{"line":37,"column":6}},"37":{"start":{"line":38,"column":0},"end":{"line":38,"column":0}},"38":{"start":{"line":39,"column":0},"end":{"line":39,"column":36}},"39":{"start":{"line":40,"column":0},"end":{"line":40,"column":63}},"40":{"start":{"line":41,"column":0},"end":{"line":41,"column":5}},"41":{"start":{"line":42,"column":0},"end":{"line":42,"column":0}},"42":{"start":{"line":43,"column":0},"end":{"line":43,"column":66}},"43":{"start":{"line":44,"column":0},"end":{"line":44,"column":18}},"44":{"start":{"line":45,"column":0},"end":{"line":45,"column":28}},"45":{"start":{"line":46,"column":0},"end":{"line":46,"column":7}},"46":{"start":{"line":47,"column":0},"end":{"line":47,"column":0}},"47":{"start":{"line":48,"column":0},"end":{"line":48,"column":23}},"48":{"start":{"line":49,"column":0},"end":{"line":49,"column":3}},"49":{"start":{"line":50,"column":0},"end":{"line":50,"column":1}},"50":{"start":{"line":51,"column":0},"end":{"line":51,"column":0}},"51":{"start":{"line":52,"column":0},"end":{"line":52,"column":40}}},"s":{"0":1,"1":1,"2":1,"3":1,"4":1,"5":1,"6":1,"7":1,"8":1,"9":1,"10":1,"11":1,"12":1,"13":1,"14":1,"15":1,"16":1,"17":1,"18":1,"19":1,"20":1,"21":1,"22":1,"23":1,"24":1,"25":1,"26":1,"27":2,"28":2,"29":2,"30":1,"31":1,"32":3,"33":3,"34":3,"35":3,"36":3,"37":3,"38":3,"39":0,"40":0,"41":3,"42":3,"43":3,"44":3,"45":3,"46":3,"47":3,"48":3,"49":1,"50":1,"51":1},"branchMap":{"0":{"type":"branch","line":52,"loc":{"start":{"line":52,"column":40},"end":{"line":52,"column":40}},"locations":[{"start":{"line":52,"column":40},"end":{"line":52,"column":40}}]},"1":{"type":"branch","line":52,"loc":{"start":{"line":52,"column":40},"end":{"line":52,"column":40}},"locations":[{"start":{"line":52,"column":40},"end":{"line":52,"column":40}}]},"2":{"type":"branch","line":52,"loc":{"start":{"line":52,"column":40},"end":{"line":52,"column":40}},"locations":[{"start":{"line":52,"column":40},"end":{"line":52,"column":40}}]},"3":{"type":"branch","line":52,"loc":{"start":{"line":52,"column":40},"end":{"line":52,"column":40}},"locations":[{"start":{"line":52,"column":40},"end":{"line":52,"column":40}}]},"4":{"type":"branch","line":52,"loc":{"start":{"line":52,"column":40},"end":{"line":52,"column":40}},"locations":[{"start":{"line":52,"column":40},"end":{"line":52,"column":40}}]},"5":{"type":"branch","line":52,"loc":{"start":{"line":52,"column":40},"end":{"line":52,"column":40}},"locations":[{"start":{"line":52,"column":40},"end":{"line":52,"column":40}}]},"6":{"type":"branch","line":52,"loc":{"start":{"line":52,"column":40},"end":{"line":52,"column":40}},"locations":[{"start":{"line":52,"column":40},"end":{"line":52,"column":40}}]},"7":{"type":"branch","line":52,"loc":{"start":{"line":52,"column":40},"end":{"line":52,"column":40}},"locations":[{"start":{"line":52,"column":40},"end":{"line":52,"column":40}}]},"8":{"type":"branch","line":52,"loc":{"start":{"line":52,"column":40},"end":{"line":52,"column":40}},"locations":[{"start":{"line":52,"column":40},"end":{"line":52,"column":40}}]},"9":{"type":"branch","line":52,"loc":{"start":{"line":52,"column":40},"end":{"line":52,"column":40}},"locations":[{"start":{"line":52,"column":40},"end":{"line":52,"column":40}}]},"10":{"type":"branch","line":52,"loc":{"start":{"line":52,"column":40},"end":{"line":52,"column":40}},"locations":[{"start":{"line":52,"column":40},"end":{"line":52,"column":40}}]},"11":{"type":"branch","line":52,"loc":{"start":{"line":52,"column":40},"end":{"line":52,"column":40}},"locations":[{"start":{"line":52,"column":40},"end":{"line":52,"column":40}}]},"12":{"type":"branch","line":52,"loc":{"start":{"line":52,"column":40},"end":{"line":52,"column":40}},"locations":[{"start":{"line":52,"column":40},"end":{"line":52,"column":40}}]},"13":{"type":"branch","line":52,"loc":{"start":{"line":52,"column":40},"end":{"line":52,"column":40}},"locations":[{"start":{"line":52,"column":40},"end":{"line":52,"column":40}}]},"14":{"type":"branch","line":52,"loc":{"start":{"line":52,"column":40},"end":{"line":52,"column":40}},"locations":[{"start":{"line":52,"column":40},"end":{"line":52,"column":40}}]},"15":{"type":"branch","line":52,"loc":{"start":{"line":52,"column":40},"end":{"line":52,"column":40}},"locations":[{"start":{"line":52,"column":40},"end":{"line":52,"column":40}}]},"16":{"type":"branch","line":52,"loc":{"start":{"line":52,"column":40},"end":{"line":52,"column":40}},"locations":[{"start":{"line":52,"column":40},"end":{"line":52,"column":40}}]},"17":{"type":"branch","line":52,"loc":{"start":{"line":52,"column":40},"end":{"line":52,"column":40}},"locations":[{"start":{"line":52,"column":40},"end":{"line":52,"column":40}}]},"18":{"type":"branch","line":52,"loc":{"start":{"line":52,"column":40},"end":{"line":52,"column":40}},"locations":[{"start":{"line":52,"column":40},"end":{"line":52,"column":40}}]},"19":{"type":"branch","line":52,"loc":{"start":{"line":52,"column":40},"end":{"line":52,"column":40}},"locations":[{"start":{"line":52,"column":40},"end":{"line":52,"column":40}}]},"20":{"type":"branch","line":52,"loc":{"start":{"line":52,"column":40},"end":{"line":52,"column":40}},"locations":[{"start":{"line":52,"column":40},"end":{"line":52,"column":40}}]},"21":{"type":"branch","line":52,"loc":{"start":{"line":52,"column":40},"end":{"line":52,"column":40}},"locations":[{"start":{"line":52,"column":40},"end":{"line":52,"column":40}}]},"22":{"type":"branch","line":52,"loc":{"start":{"line":52,"column":40},"end":{"line":52,"column":40}},"locations":[{"start":{"line":52,"column":40},"end":{"line":52,"column":40}}]},"23":{"type":"branch","line":52,"loc":{"start":{"line":52,"column":40},"end":{"line":52,"column":40}},"locations":[{"start":{"line":52,"column":40},"end":{"line":52,"column":40}}]},"24":{"type":"branch","line":52,"loc":{"start":{"line":52,"column":40},"end":{"line":52,"column":40}},"locations":[{"start":{"line":52,"column":40},"end":{"line":52,"column":40}}]},"25":{"type":"branch","line":52,"loc":{"start":{"line":52,"column":40},"end":{"line":52,"column":40}},"locations":[{"start":{"line":52,"column":40},"end":{"line":52,"column":40}}]},"26":{"type":"branch","line":52,"loc":{"start":{"line":52,"column":40},"end":{"line":52,"column":40}},"locations":[{"start":{"line":52,"column":40},"end":{"line":52,"column":40}}]},"27":{"type":"branch","line":52,"loc":{"start":{"line":52,"column":40},"end":{"line":52,"column":40}},"locations":[{"start":{"line":52,"column":40},"end":{"line":52,"column":40}}]},"28":{"type":"branch","line":52,"loc":{"start":{"line":52,"column":40},"end":{"line":52,"column":40}},"locations":[{"start":{"line":52,"column":40},"end":{"line":52,"column":40}}]},"29":{"type":"branch","line":52,"loc":{"start":{"line":52,"column":40},"end":{"line":52,"column":40}},"locations":[{"start":{"line":52,"column":40},"end":{"line":52,"column":40}}]},"30":{"type":"branch","line":52,"loc":{"start":{"line":52,"column":40},"end":{"line":52,"column":40}},"locations":[{"start":{"line":52,"column":40},"end":{"line":52,"column":40}}]},"31":{"type":"branch","line":52,"loc":{"start":{"line":52,"column":40},"end":{"line":52,"column":40}},"locations":[{"start":{"line":52,"column":40},"end":{"line":52,"column":40}}]},"32":{"type":"branch","line":52,"loc":{"start":{"line":52,"column":40},"end":{"line":52,"column":40}},"locations":[{"start":{"line":52,"column":40},"end":{"line":52,"column":40}}]},"33":{"type":"branch","line":52,"loc":{"start":{"line":52,"column":40},"end":{"line":52,"column":40}},"locations":[{"start":{"line":52,"column":40},"end":{"line":52,"column":40}}]},"34":{"type":"branch","line":52,"loc":{"start":{"line":52,"column":40},"end":{"line":52,"column":40}},"locations":[{"start":{"line":52,"column":40},"end":{"line":52,"column":40}}]},"35":{"type":"branch","line":52,"loc":{"start":{"line":52,"column":40},"end":{"line":52,"column":40}},"locations":[{"start":{"line":52,"column":40},"end":{"line":52,"column":40}}]},"36":{"type":"branch","line":52,"loc":{"start":{"line":52,"column":40},"end":{"line":52,"column":40}},"locations":[{"start":{"line":52,"column":40},"end":{"line":52,"column":40}}]},"37":{"type":"branch","line":52,"loc":{"start":{"line":52,"column":40},"end":{"line":52,"column":40}},"locations":[{"start":{"line":52,"column":40},"end":{"line":52,"column":40}}]},"38":{"type":"branch","line":52,"loc":{"start":{"line":52,"column":40},"end":{"line":52,"column":40}},"locations":[{"start":{"line":52,"column":40},"end":{"line":52,"column":40}}]},"39":{"type":"branch","line":52,"loc":{"start":{"line":52,"column":40},"end":{"line":52,"column":40}},"locations":[{"start":{"line":52,"column":40},"end":{"line":52,"column":40}}]},"40":{"type":"branch","line":52,"loc":{"start":{"line":52,"column":40},"end":{"line":52,"column":40}},"locations":[{"start":{"line":52,"column":40},"end":{"line":52,"column":40}}]},"41":{"type":"branch","line":52,"loc":{"start":{"line":52,"column":40},"end":{"line":52,"column":40}},"locations":[{"start":{"line":52,"column":40},"end":{"line":52,"column":40}}]},"42":{"type":"branch","line":52,"loc":{"start":{"line":52,"column":40},"end":{"line":52,"column":40}},"locations":[{"start":{"line":52,"column":40},"end":{"line":52,"column":40}}]},"43":{"type":"branch","line":52,"loc":{"start":{"line":52,"column":40},"end":{"line":52,"column":40}},"locations":[{"start":{"line":52,"column":40},"end":{"line":52,"column":40}}]},"44":{"type":"branch","line":52,"loc":{"start":{"line":52,"column":40},"end":{"line":52,"column":40}},"locations":[{"start":{"line":52,"column":40},"end":{"line":52,"column":40}}]},"45":{"type":"branch","line":52,"loc":{"start":{"line":52,"column":40},"end":{"line":52,"column":40}},"locations":[{"start":{"line":52,"column":40},"end":{"line":52,"column":40}}]},"46":{"type":"branch","line":52,"loc":{"start":{"line":52,"column":40},"end":{"line":52,"column":40}},"locations":[{"start":{"line":52,"column":40},"end":{"line":52,"column":40}}]},"47":{"type":"branch","line":52,"loc":{"start":{"line":52,"column":40},"end":{"line":52,"column":40}},"locations":[{"start":{"line":52,"column":40},"end":{"line":52,"column":40}}]},"48":{"type":"branch","line":52,"loc":{"start":{"line":52,"column":40},"end":{"line":52,"column":40}},"locations":[{"start":{"line":52,"column":40},"end":{"line":52,"column":40}}]},"49":{"type":"branch","line":52,"loc":{"start":{"line":52,"column":40},"end":{"line":52,"column":40}},"locations":[{"start":{"line":52,"column":40},"end":{"line":52,"column":40}}]},"50":{"type":"branch","line":52,"loc":{"start":{"line":52,"column":40},"end":{"line":52,"column":40}},"locations":[{"start":{"line":52,"column":40},"end":{"line":52,"column":40}}]},"51":{"type":"branch","line":26,"loc":{"start":{"line":26,"column":0},"end":{"line":50,"column":1}},"locations":[{"start":{"line":26,"column":0},"end":{"line":50,"column":1}}]},"52":{"type":"branch","line":27,"loc":{"start":{"line":27,"column":2},"end":{"line":30,"column":6}},"locations":[{"start":{"line":27,"column":2},"end":{"line":30,"column":6}}]},"53":{"type":"branch","line":32,"loc":{"start":{"line":32,"column":2},"end":{"line":49,"column":3}},"locations":[{"start":{"line":32,"column":2},"end":{"line":49,"column":3}}]},"54":{"type":"branch","line":52,"loc":{"start":{"line":52,"column":40},"end":{"line":52,"column":40}},"locations":[{"start":{"line":52,"column":40},"end":{"line":52,"column":40}}]},"55":{"type":"branch","line":52,"loc":{"start":{"line":52,"column":40},"end":{"line":52,"column":40}},"locations":[{"start":{"line":52,"column":40},"end":{"line":52,"column":40}}]},"56":{"type":"branch","line":52,"loc":{"start":{"line":52,"column":40},"end":{"line":52,"column":40}},"locations":[{"start":{"line":52,"column":40},"end":{"line":52,"column":40}}]},"57":{"type":"branch","line":52,"loc":{"start":{"line":52,"column":40},"end":{"line":52,"column":40}},"locations":[{"start":{"line":52,"column":40},"end":{"line":52,"column":40}}]},"58":{"type":"branch","line":52,"loc":{"start":{"line":52,"column":40},"end":{"line":52,"column":40}},"locations":[{"start":{"line":52,"column":40},"end":{"line":52,"column":40}}]},"59":{"type":"branch","line":39,"loc":{"start":{"line":39,"column":35},"end":{"line":41,"column":5}},"locations":[{"start":{"line":39,"column":35},"end":{"line":41,"column":5}}]},"60":{"type":"branch","line":52,"loc":{"start":{"line":52,"column":40},"end":{"line":52,"column":40}},"locations":[{"start":{"line":52,"column":40},"end":{"line":52,"column":40}}]},"61":{"type":"branch","line":52,"loc":{"start":{"line":52,"column":40},"end":{"line":52,"column":40}},"locations":[{"start":{"line":52,"column":40},"end":{"line":52,"column":40}}]},"62":{"type":"branch","line":52,"loc":{"start":{"line":52,"column":40},"end":{"line":52,"column":40}},"locations":[{"start":{"line":52,"column":40},"end":{"line":52,"column":40}}]}},"b":{"0":[1],"1":[1],"2":[0],"3":[0],"4":[0],"5":[0],"6":[1],"7":[1],"8":[1],"9":[3],"10":[6],"11":[0],"12":[3],"13":[6],"14":[0],"15":[9],"16":[3],"17":[6],"18":[3],"19":[6],"20":[0],"21":[9],"22":[9],"23":[9],"24":[0],"25":[18],"26":[0],"27":[0],"28":[0],"29":[0],"30":[9],"31":[9],"32":[0],"33":[6],"34":[0],"35":[3],"36":[0],"37":[0],"38":[0],"39":[0],"40":[0],"41":[0],"42":[9],"43":[0],"44":[9],"45":[3],"46":[0],"47":[3],"48":[0],"49":[1],"50":[0],"51":[1],"52":[2],"53":[3],"54":[3],"55":[9],"56":[3],"57":[0],"58":[3],"59":[0],"60":[0],"61":[3],"62":[0]},"fnMap":{"0":{"name":"__decorate","decl":{"start":{"line":52,"column":40},"end":{"line":52,"column":40}},"loc":{"start":{"line":52,"column":40},"end":{"line":52,"column":40}},"line":52},"1":{"name":"__metadata","decl":{"start":{"line":52,"column":40},"end":{"line":52,"column":40}},"loc":{"start":{"line":52,"column":40},"end":{"line":52,"column":40}},"line":52},"2":{"name":"__param","decl":{"start":{"line":52,"column":40},"end":{"line":52,"column":40}},"loc":{"start":{"line":52,"column":40},"end":{"line":52,"column":40}},"line":52},"3":{"name":"__awaiter","decl":{"start":{"line":52,"column":40},"end":{"line":52,"column":40}},"loc":{"start":{"line":52,"column":40},"end":{"line":52,"column":40}},"line":52},"4":{"name":"adopt","decl":{"start":{"line":52,"column":40},"end":{"line":52,"column":40}},"loc":{"start":{"line":52,"column":40},"end":{"line":52,"column":40}},"line":52},"5":{"name":"fulfilled","decl":{"start":{"line":52,"column":40},"end":{"line":52,"column":40}},"loc":{"start":{"line":52,"column":40},"end":{"line":52,"column":40}},"line":52},"6":{"name":"rejected","decl":{"start":{"line":52,"column":40},"end":{"line":52,"column":40}},"loc":{"start":{"line":52,"column":40},"end":{"line":52,"column":40}},"line":52},"7":{"name":"step","decl":{"start":{"line":52,"column":40},"end":{"line":52,"column":40}},"loc":{"start":{"line":52,"column":40},"end":{"line":52,"column":40}},"line":52},"8":{"name":"__generator","decl":{"start":{"line":52,"column":40},"end":{"line":52,"column":40}},"loc":{"start":{"line":52,"column":40},"end":{"line":52,"column":40}},"line":52},"9":{"name":"sent","decl":{"start":{"line":52,"column":40},"end":{"line":52,"column":40}},"loc":{"start":{"line":52,"column":40},"end":{"line":52,"column":40}},"line":52},"10":{"name":"Symbol.function.g.(anonymous function)","decl":{"start":{"line":52,"column":40},"end":{"line":52,"column":40}},"loc":{"start":{"line":52,"column":40},"end":{"line":52,"column":40}},"line":52},"11":{"name":"verb","decl":{"start":{"line":52,"column":40},"end":{"line":52,"column":40}},"loc":{"start":{"line":52,"column":40},"end":{"line":52,"column":40}},"line":52},"12":{"name":"step","decl":{"start":{"line":52,"column":40},"end":{"line":52,"column":40}},"loc":{"start":{"line":52,"column":40},"end":{"line":52,"column":40}},"line":52},"13":{"name":"__importDefault","decl":{"start":{"line":52,"column":40},"end":{"line":52,"column":40}},"loc":{"start":{"line":52,"column":40},"end":{"line":52,"column":40}},"line":52},"14":{"name":"CreateAppointmentService","decl":{"start":{"line":27,"column":2},"end":{"line":30,"column":6}},"loc":{"start":{"line":27,"column":2},"end":{"line":30,"column":6}},"line":27},"15":{"name":"CreateAppointmentService.execute","decl":{"start":{"line":32,"column":2},"end":{"line":49,"column":3}},"loc":{"start":{"line":32,"column":2},"end":{"line":49,"column":3}},"line":32}},"f":{"0":1,"1":1,"2":1,"3":3,"4":6,"5":6,"6":0,"7":9,"8":3,"9":6,"10":0,"11":9,"12":9,"13":1,"14":2,"15":3}}
,"/home/leonardo/Documentos/projetos-rocket/goStack11/backend/node-01/src/modules/users/services/AuthenticateUserService.ts": {"path":"/home/leonardo/Documentos/projetos-rocket/goStack11/backend/node-01/src/modules/users/services/AuthenticateUserService.ts","statementMap":{"0":{"start":{"line":1,"column":0},"end":{"line":1,"column":35}},"1":{"start":{"line":2,"column":0},"end":{"line":2,"column":36}},"2":{"start":{"line":3,"column":0},"end":{"line":3,"column":38}},"3":{"start":{"line":4,"column":0},"end":{"line":4,"column":0}},"4":{"start":{"line":5,"column":0},"end":{"line":5,"column":46}},"5":{"start":{"line":6,"column":0},"end":{"line":6,"column":0}},"6":{"start":{"line":7,"column":0},"end":{"line":7,"column":62}},"7":{"start":{"line":8,"column":0},"end":{"line":8,"column":0}},"8":{"start":{"line":9,"column":0},"end":{"line":9,"column":47}},"9":{"start":{"line":10,"column":0},"end":{"line":10,"column":0}},"10":{"start":{"line":11,"column":0},"end":{"line":11,"column":64}},"11":{"start":{"line":12,"column":0},"end":{"line":12,"column":0}},"12":{"start":{"line":13,"column":0},"end":{"line":13,"column":22}},"13":{"start":{"line":14,"column":0},"end":{"line":14,"column":16}},"14":{"start":{"line":15,"column":0},"end":{"line":15,"column":19}},"15":{"start":{"line":16,"column":0},"end":{"line":16,"column":1}},"16":{"start":{"line":17,"column":0},"end":{"line":17,"column":0}},"17":{"start":{"line":18,"column":0},"end":{"line":18,"column":21}},"18":{"start":{"line":19,"column":0},"end":{"line":19,"column":13}},"19":{"start":{"line":20,"column":0},"end":{"line":20,"column":16}},"20":{"start":{"line":21,"column":0},"end":{"line":21,"column":1}},"21":{"start":{"line":22,"column":0},"end":{"line":22,"column":0}},"22":{"start":{"line":23,"column":0},"end":{"line":23,"column":13}},"23":{"start":{"line":24,"column":0},"end":{"line":24,"column":31}},"24":{"start":{"line":25,"column":0},"end":{"line":25,"column":14}},"25":{"start":{"line":26,"column":0},"end":{"line":26,"column":30}},"26":{"start":{"line":27,"column":0},"end":{"line":27,"column":46}},"27":{"start":{"line":28,"column":0},"end":{"line":28,"column":6}},"28":{"start":{"line":29,"column":0},"end":{"line":29,"column":0}},"29":{"start":{"line":30,"column":0},"end":{"line":30,"column":77}},"30":{"start":{"line":31,"column":0},"end":{"line":31,"column":63}},"31":{"start":{"line":32,"column":0},"end":{"line":32,"column":0}},"32":{"start":{"line":33,"column":0},"end":{"line":33,"column":16}},"33":{"start":{"line":34,"column":0},"end":{"line":34,"column":71}},"34":{"start":{"line":35,"column":0},"end":{"line":35,"column":5}},"35":{"start":{"line":36,"column":0},"end":{"line":36,"column":0}},"36":{"start":{"line":37,"column":0},"end":{"line":37,"column":67}},"37":{"start":{"line":38,"column":0},"end":{"line":38,"column":0}},"38":{"start":{"line":39,"column":0},"end":{"line":39,"column":27}},"39":{"start":{"line":40,"column":0},"end":{"line":40,"column":71}},"40":{"start":{"line":41,"column":0},"end":{"line":41,"column":5}},"41":{"start":{"line":42,"column":0},"end":{"line":42,"column":0}},"42":{"start":{"line":43,"column":0},"end":{"line":43,"column":51}},"43":{"start":{"line":44,"column":0},"end":{"line":44,"column":23}},"44":{"start":{"line":45,"column":0},"end":{"line":45,"column":48}},"45":{"start":{"line":46,"column":0},"end":{"line":46,"column":7}},"46":{"start":{"line":47,"column":0},"end":{"line":47,"column":0}},"47":{"start":{"line":48,"column":0},"end":{"line":48,"column":12}},"48":{"start":{"line":49,"column":0},"end":{"line":49,"column":11}},"49":{"start":{"line":50,"column":0},"end":{"line":50,"column":11}},"50":{"start":{"line":51,"column":0},"end":{"line":51,"column":5}},"51":{"start":{"line":52,"column":0},"end":{"line":52,"column":3}},"52":{"start":{"line":53,"column":0},"end":{"line":53,"column":1}},"53":{"start":{"line":54,"column":0},"end":{"line":54,"column":0}},"54":{"start":{"line":55,"column":0},"end":{"line":55,"column":39}}},"s":{"0":0,"1":0,"2":0,"3":0,"4":0,"5":0,"6":0,"7":0,"8":0,"9":0,"10":0,"11":0,"12":0,"13":0,"14":0,"15":0,"16":0,"17":0,"18":0,"19":0,"20":0,"21":0,"22":0,"23":0,"24":0,"25":0,"26":0,"27":0,"28":0,"29":0,"30":0,"31":0,"32":0,"33":0,"34":0,"35":0,"36":0,"37":0,"38":0,"39":0,"40":0,"41":0,"42":0,"43":0,"44":0,"45":0,"46":0,"47":0,"48":0,"49":0,"50":0,"51":0,"52":0,"53":0,"54":0},"branchMap":{"0":{"type":"branch","line":1,"loc":{"start":{"line":1,"column":0},"end":{"line":55,"column":39}},"locations":[{"start":{"line":1,"column":0},"end":{"line":55,"column":39}}]}},"b":{"0":[0]},"fnMap":{"0":{"name":"(empty-report)","decl":{"start":{"line":1,"column":0},"end":{"line":55,"column":39}},"loc":{"start":{"line":1,"column":0},"end":{"line":55,"column":39}},"line":1}},"f":{"0":0}}
,"/home/leonardo/Documentos/projetos-rocket/goStack11/backend/node-01/src/modules/users/services/CreateUserService.ts": {"path":"/home/leonardo/Documentos/projetos-rocket/goStack11/backend/node-01/src/modules/users/services/CreateUserService.ts","statementMap":{"0":{"start":{"line":1,"column":0},"end":{"line":1,"column":32}},"1":{"start":{"line":2,"column":0},"end":{"line":2,"column":62}},"2":{"start":{"line":3,"column":0},"end":{"line":3,"column":0}},"3":{"start":{"line":4,"column":0},"end":{"line":4,"column":46}},"4":{"start":{"line":5,"column":0},"end":{"line":5,"column":0}},"5":{"start":{"line":6,"column":0},"end":{"line":6,"column":47}},"6":{"start":{"line":7,"column":0},"end":{"line":7,"column":64}},"7":{"start":{"line":8,"column":0},"end":{"line":8,"column":0}},"8":{"start":{"line":9,"column":0},"end":{"line":9,"column":22}},"9":{"start":{"line":10,"column":0},"end":{"line":10,"column":15}},"10":{"start":{"line":11,"column":0},"end":{"line":11,"column":16}},"11":{"start":{"line":12,"column":0},"end":{"line":12,"column":19}},"12":{"start":{"line":13,"column":0},"end":{"line":13,"column":1}},"13":{"start":{"line":14,"column":0},"end":{"line":14,"column":0}},"14":{"start":{"line":15,"column":0},"end":{"line":15,"column":13}},"15":{"start":{"line":16,"column":0},"end":{"line":16,"column":25}},"16":{"start":{"line":17,"column":0},"end":{"line":17,"column":14}},"17":{"start":{"line":18,"column":0},"end":{"line":18,"column":30}},"18":{"start":{"line":19,"column":0},"end":{"line":19,"column":46}},"19":{"start":{"line":20,"column":0},"end":{"line":20,"column":6}},"20":{"start":{"line":21,"column":0},"end":{"line":21,"column":0}},"21":{"start":{"line":22,"column":0},"end":{"line":22,"column":78}},"22":{"start":{"line":23,"column":0},"end":{"line":23,"column":74}},"23":{"start":{"line":24,"column":0},"end":{"line":24,"column":0}},"24":{"start":{"line":25,"column":0},"end":{"line":25,"column":26}},"25":{"start":{"line":26,"column":0},"end":{"line":26,"column":72}},"26":{"start":{"line":27,"column":0},"end":{"line":27,"column":5}},"27":{"start":{"line":28,"column":0},"end":{"line":28,"column":0}},"28":{"start":{"line":29,"column":0},"end":{"line":29,"column":51}},"29":{"start":{"line":30,"column":0},"end":{"line":30,"column":0}},"30":{"start":{"line":31,"column":0},"end":{"line":31,"column":52}},"31":{"start":{"line":32,"column":0},"end":{"line":32,"column":11}},"32":{"start":{"line":33,"column":0},"end":{"line":33,"column":12}},"33":{"start":{"line":34,"column":0},"end":{"line":34,"column":31}},"34":{"start":{"line":35,"column":0},"end":{"line":35,"column":7}},"35":{"start":{"line":36,"column":0},"end":{"line":36,"column":0}},"36":{"start":{"line":37,"column":0},"end":{"line":37,"column":16}},"37":{"start":{"line":38,"column":0},"end":{"line":38,"column":3}},"38":{"start":{"line":39,"column":0},"end":{"line":39,"column":1}},"39":{"start":{"line":40,"column":0},"end":{"line":40,"column":0}},"40":{"start":{"line":41,"column":0},"end":{"line":41,"column":33}}},"s":{"0":0,"1":0,"2":0,"3":0,"4":0,"5":0,"6":0,"7":0,"8":0,"9":0,"10":0,"11":0,"12":0,"13":0,"14":0,"15":0,"16":0,"17":0,"18":0,"19":0,"20":0,"21":0,"22":0,"23":0,"24":0,"25":0,"26":0,"27":0,"28":0,"29":0,"30":0,"31":0,"32":0,"33":0,"34":0,"35":0,"36":0,"37":0,"38":0,"39":0,"40":0},"branchMap":{"0":{"type":"branch","line":1,"loc":{"start":{"line":1,"column":0},"end":{"line":41,"column":33}},"locations":[{"start":{"line":1,"column":0},"end":{"line":41,"column":33}}]}},"b":{"0":[0]},"fnMap":{"0":{"name":"(empty-report)","decl":{"start":{"line":1,"column":0},"end":{"line":41,"column":33}},"loc":{"start":{"line":1,"column":0},"end":{"line":41,"column":33}},"line":1}},"f":{"0":0}}
,"/home/leonardo/Documentos/projetos-rocket/goStack11/backend/node-01/src/modules/users/services/UpdateUserAvatarService.ts": {"path":"/home/leonardo/Documentos/projetos-rocket/goStack11/backend/node-01/src/modules/users/services/UpdateUserAvatarService.ts","statementMap":{"0":{"start":{"line":1,"column":0},"end":{"line":1,"column":24}},"1":{"start":{"line":2,"column":0},"end":{"line":2,"column":20}},"2":{"start":{"line":3,"column":0},"end":{"line":3,"column":0}},"3":{"start":{"line":4,"column":0},"end":{"line":4,"column":46}},"4":{"start":{"line":5,"column":0},"end":{"line":5,"column":0}},"5":{"start":{"line":6,"column":0},"end":{"line":6,"column":47}},"6":{"start":{"line":7,"column":0},"end":{"line":7,"column":42}},"7":{"start":{"line":8,"column":0},"end":{"line":8,"column":62}},"8":{"start":{"line":9,"column":0},"end":{"line":9,"column":0}},"9":{"start":{"line":10,"column":0},"end":{"line":10,"column":64}},"10":{"start":{"line":11,"column":0},"end":{"line":11,"column":19}},"11":{"start":{"line":12,"column":0},"end":{"line":12,"column":18}},"12":{"start":{"line":13,"column":0},"end":{"line":13,"column":25}},"13":{"start":{"line":14,"column":0},"end":{"line":14,"column":1}},"14":{"start":{"line":15,"column":0},"end":{"line":15,"column":0}},"15":{"start":{"line":16,"column":0},"end":{"line":16,"column":13}},"16":{"start":{"line":17,"column":0},"end":{"line":17,"column":31}},"17":{"start":{"line":18,"column":0},"end":{"line":18,"column":14}},"18":{"start":{"line":19,"column":0},"end":{"line":19,"column":30}},"19":{"start":{"line":20,"column":0},"end":{"line":20,"column":45}},"20":{"start":{"line":21,"column":0},"end":{"line":21,"column":6}},"21":{"start":{"line":22,"column":0},"end":{"line":22,"column":0}},"22":{"start":{"line":23,"column":0},"end":{"line":23,"column":75}},"23":{"start":{"line":24,"column":0},"end":{"line":24,"column":62}},"24":{"start":{"line":25,"column":0},"end":{"line":25,"column":0}},"25":{"start":{"line":26,"column":0},"end":{"line":26,"column":16}},"26":{"start":{"line":27,"column":0},"end":{"line":27,"column":71}},"27":{"start":{"line":28,"column":0},"end":{"line":28,"column":5}},"28":{"start":{"line":29,"column":0},"end":{"line":29,"column":0}},"29":{"start":{"line":30,"column":0},"end":{"line":30,"column":22}},"30":{"start":{"line":31,"column":0},"end":{"line":31,"column":80}},"31":{"start":{"line":32,"column":0},"end":{"line":32,"column":78}},"32":{"start":{"line":33,"column":0},"end":{"line":33,"column":4}},"33":{"start":{"line":34,"column":0},"end":{"line":34,"column":33}},"34":{"start":{"line":35,"column":0},"end":{"line":35,"column":54}},"35":{"start":{"line":36,"column":0},"end":{"line":36,"column":7}},"36":{"start":{"line":37,"column":0},"end":{"line":37,"column":5}},"37":{"start":{"line":38,"column":0},"end":{"line":38,"column":0}},"38":{"start":{"line":39,"column":0},"end":{"line":39,"column":33}},"39":{"start":{"line":40,"column":0},"end":{"line":40,"column":0}},"40":{"start":{"line":41,"column":0},"end":{"line":41,"column":42}},"41":{"start":{"line":42,"column":0},"end":{"line":42,"column":0}},"42":{"start":{"line":43,"column":0},"end":{"line":43,"column":16}},"43":{"start":{"line":44,"column":0},"end":{"line":44,"column":3}},"44":{"start":{"line":45,"column":0},"end":{"line":45,"column":1}},"45":{"start":{"line":46,"column":0},"end":{"line":46,"column":0}},"46":{"start":{"line":47,"column":0},"end":{"line":47,"column":39}}},"s":{"0":0,"1":0,"2":0,"3":0,"4":0,"5":0,"6":0,"7":0,"8":0,"9":0,"10":0,"11":0,"12":0,"13":0,"14":0,"15":0,"16":0,"17":0,"18":0,"19":0,"20":0,"21":0,"22":0,"23":0,"24":0,"25":0,"26":0,"27":0,"28":0,"29":0,"30":0,"31":0,"32":0,"33":0,"34":0,"35":0,"36":0,"37":0,"38":0,"39":0,"40":0,"41":0,"42":0,"43":0,"44":0,"45":0,"46":0},"branchMap":{"0":{"type":"branch","line":1,"loc":{"start":{"line":1,"column":0},"end":{"line":47,"column":39}},"locations":[{"start":{"line":1,"column":0},"end":{"line":47,"column":39}}]}},"b":{"0":[0]},"fnMap":{"0":{"name":"(empty-report)","decl":{"start":{"line":1,"column":0},"end":{"line":47,"column":39}},"loc":{"start":{"line":1,"column":0},"end":{"line":47,"column":39}},"line":1}},"f":{"0":0}}
}
