{"/home/leonardo/Documentos/projetos-rocket/goStack11/backend/node-01/src/modules/appointments/services/CreateAppointmentService.ts": {"path":"/home/leonardo/Documentos/projetos-rocket/goStack11/backend/node-01/src/modules/appointments/services/CreateAppointmentService.ts","statementMap":{"0":{"start":{"line":1,"column":0},"end":{"line":1,"column":39}},"1":{"start":{"line":2,"column":0},"end":{"line":2,"column":46}},"2":{"start":{"line":3,"column":0},"end":{"line":3,"column":0}},"3":{"start":{"line":4,"column":0},"end":{"line":4,"column":83}},"4":{"start":{"line":5,"column":0},"end":{"line":5,"column":79}},"5":{"start":{"line":6,"column":0},"end":{"line":6,"column":0}},"6":{"start":{"line":7,"column":0},"end":{"line":7,"column":47}},"7":{"start":{"line":8,"column":0},"end":{"line":8,"column":0}},"8":{"start":{"line":9,"column":0},"end":{"line":9,"column":23}},"9":{"start":{"line":10,"column":0},"end":{"line":10,"column":13}},"10":{"start":{"line":11,"column":0},"end":{"line":11,"column":22}},"11":{"start":{"line":12,"column":0},"end":{"line":12,"column":1}},"12":{"start":{"line":13,"column":0},"end":{"line":13,"column":0}},"13":{"start":{"line":14,"column":0},"end":{"line":14,"column":8}},"14":{"start":{"line":15,"column":0},"end":{"line":15,"column":34}},"15":{"start":{"line":16,"column":0},"end":{"line":16,"column":33}},"16":{"start":{"line":17,"column":0},"end":{"line":17,"column":0}},"17":{"start":{"line":18,"column":0},"end":{"line":18,"column":35}},"18":{"start":{"line":19,"column":0},"end":{"line":19,"column":41}},"19":{"start":{"line":20,"column":0},"end":{"line":20,"column":29}},"20":{"start":{"line":21,"column":0},"end":{"line":21,"column":70}},"21":{"start":{"line":22,"column":0},"end":{"line":22,"column":29}},"22":{"start":{"line":23,"column":0},"end":{"line":23,"column":0}},"23":{"start":{"line":24,"column":0},"end":{"line":24,"column":8}},"24":{"start":{"line":25,"column":0},"end":{"line":25,"column":36}},"25":{"start":{"line":26,"column":0},"end":{"line":26,"column":32}},"26":{"start":{"line":27,"column":0},"end":{"line":27,"column":14}},"27":{"start":{"line":28,"column":0},"end":{"line":28,"column":37}},"28":{"start":{"line":29,"column":0},"end":{"line":29,"column":60}},"29":{"start":{"line":30,"column":0},"end":{"line":30,"column":6}},"30":{"start":{"line":31,"column":0},"end":{"line":31,"column":0}},"31":{"start":{"line":32,"column":0},"end":{"line":32,"column":82}},"32":{"start":{"line":33,"column":0},"end":{"line":33,"column":9}},"33":{"start":{"line":34,"column":0},"end":{"line":34,"column":48}},"34":{"start":{"line":35,"column":0},"end":{"line":35,"column":2}},"35":{"start":{"line":36,"column":0},"end":{"line":36,"column":85}},"36":{"start":{"line":37,"column":0},"end":{"line":37,"column":23}},"37":{"start":{"line":38,"column":0},"end":{"line":38,"column":8}},"38":{"start":{"line":39,"column":0},"end":{"line":39,"column":2}},"39":{"start":{"line":40,"column":0},"end":{"line":40,"column":38}},"40":{"start":{"line":41,"column":0},"end":{"line":41,"column":65}},"41":{"start":{"line":42,"column":0},"end":{"line":42,"column":7}},"42":{"start":{"line":43,"column":0},"end":{"line":43,"column":2}},"43":{"start":{"line":44,"column":0},"end":{"line":44,"column":68}},"44":{"start":{"line":45,"column":0},"end":{"line":45,"column":20}},"45":{"start":{"line":46,"column":0},"end":{"line":46,"column":30}},"46":{"start":{"line":47,"column":0},"end":{"line":47,"column":9}},"47":{"start":{"line":48,"column":0},"end":{"line":48,"column":2}},"48":{"start":{"line":49,"column":0},"end":{"line":49,"column":25}},"49":{"start":{"line":50,"column":0},"end":{"line":50,"column":6}},"50":{"start":{"line":51,"column":0},"end":{"line":51,"column":19}},"51":{"start":{"line":52,"column":0},"end":{"line":52,"column":54}},"52":{"start":{"line":53,"column":0},"end":{"line":53,"column":5}},"53":{"start":{"line":54,"column":0},"end":{"line":54,"column":3}},"54":{"start":{"line":55,"column":0},"end":{"line":55,"column":1}},"55":{"start":{"line":56,"column":0},"end":{"line":56,"column":0}},"56":{"start":{"line":57,"column":0},"end":{"line":57,"column":40}}},"s":{"0":1,"1":1,"2":1,"3":1,"4":1,"5":1,"6":1,"7":1,"8":1,"9":1,"10":1,"11":1,"12":1,"13":1,"14":1,"15":1,"16":1,"17":1,"18":1,"19":1,"20":1,"21":1,"22":1,"23":1,"24":1,"25":1,"26":1,"27":2,"28":2,"29":2,"30":1,"31":1,"32":3,"33":3,"34":3,"35":3,"36":3,"37":3,"38":3,"39":3,"40":0,"41":0,"42":3,"43":3,"44":3,"45":3,"46":3,"47":3,"48":3,"49":3,"50":3,"51":3,"52":3,"53":3,"54":1,"55":1,"56":1},"branchMap":{"0":{"type":"branch","line":57,"loc":{"start":{"line":57,"column":40},"end":{"line":57,"column":40}},"locations":[{"start":{"line":57,"column":40},"end":{"line":57,"column":40}}]},"1":{"type":"branch","line":57,"loc":{"start":{"line":57,"column":40},"end":{"line":57,"column":40}},"locations":[{"start":{"line":57,"column":40},"end":{"line":57,"column":40}}]},"2":{"type":"branch","line":57,"loc":{"start":{"line":57,"column":40},"end":{"line":57,"column":40}},"locations":[{"start":{"line":57,"column":40},"end":{"line":57,"column":40}}]},"3":{"type":"branch","line":57,"loc":{"start":{"line":57,"column":40},"end":{"line":57,"column":40}},"locations":[{"start":{"line":57,"column":40},"end":{"line":57,"column":40}}]},"4":{"type":"branch","line":57,"loc":{"start":{"line":57,"column":40},"end":{"line":57,"column":40}},"locations":[{"start":{"line":57,"column":40},"end":{"line":57,"column":40}}]},"5":{"type":"branch","line":57,"loc":{"start":{"line":57,"column":40},"end":{"line":57,"column":40}},"locations":[{"start":{"line":57,"column":40},"end":{"line":57,"column":40}}]},"6":{"type":"branch","line":57,"loc":{"start":{"line":57,"column":40},"end":{"line":57,"column":40}},"locations":[{"start":{"line":57,"column":40},"end":{"line":57,"column":40}}]},"7":{"type":"branch","line":57,"loc":{"start":{"line":57,"column":40},"end":{"line":57,"column":40}},"locations":[{"start":{"line":57,"column":40},"end":{"line":57,"column":40}}]},"8":{"type":"branch","line":57,"loc":{"start":{"line":57,"column":40},"end":{"line":57,"column":40}},"locations":[{"start":{"line":57,"column":40},"end":{"line":57,"column":40}}]},"9":{"type":"branch","line":57,"loc":{"start":{"line":57,"column":40},"end":{"line":57,"column":40}},"locations":[{"start":{"line":57,"column":40},"end":{"line":57,"column":40}}]},"10":{"type":"branch","line":57,"loc":{"start":{"line":57,"column":40},"end":{"line":57,"column":40}},"locations":[{"start":{"line":57,"column":40},"end":{"line":57,"column":40}}]},"11":{"type":"branch","line":57,"loc":{"start":{"line":57,"column":40},"end":{"line":57,"column":40}},"locations":[{"start":{"line":57,"column":40},"end":{"line":57,"column":40}}]},"12":{"type":"branch","line":57,"loc":{"start":{"line":57,"column":40},"end":{"line":57,"column":40}},"locations":[{"start":{"line":57,"column":40},"end":{"line":57,"column":40}}]},"13":{"type":"branch","line":57,"loc":{"start":{"line":57,"column":40},"end":{"line":57,"column":40}},"locations":[{"start":{"line":57,"column":40},"end":{"line":57,"column":40}}]},"14":{"type":"branch","line":57,"loc":{"start":{"line":57,"column":40},"end":{"line":57,"column":40}},"locations":[{"start":{"line":57,"column":40},"end":{"line":57,"column":40}}]},"15":{"type":"branch","line":57,"loc":{"start":{"line":57,"column":40},"end":{"line":57,"column":40}},"locations":[{"start":{"line":57,"column":40},"end":{"line":57,"column":40}}]},"16":{"type":"branch","line":57,"loc":{"start":{"line":57,"column":40},"end":{"line":57,"column":40}},"locations":[{"start":{"line":57,"column":40},"end":{"line":57,"column":40}}]},"17":{"type":"branch","line":57,"loc":{"start":{"line":57,"column":40},"end":{"line":57,"column":40}},"locations":[{"start":{"line":57,"column":40},"end":{"line":57,"column":40}}]},"18":{"type":"branch","line":57,"loc":{"start":{"line":57,"column":40},"end":{"line":57,"column":40}},"locations":[{"start":{"line":57,"column":40},"end":{"line":57,"column":40}}]},"19":{"type":"branch","line":57,"loc":{"start":{"line":57,"column":40},"end":{"line":57,"column":40}},"locations":[{"start":{"line":57,"column":40},"end":{"line":57,"column":40}}]},"20":{"type":"branch","line":57,"loc":{"start":{"line":57,"column":40},"end":{"line":57,"column":40}},"locations":[{"start":{"line":57,"column":40},"end":{"line":57,"column":40}}]},"21":{"type":"branch","line":57,"loc":{"start":{"line":57,"column":40},"end":{"line":57,"column":40}},"locations":[{"start":{"line":57,"column":40},"end":{"line":57,"column":40}}]},"22":{"type":"branch","line":57,"loc":{"start":{"line":57,"column":40},"end":{"line":57,"column":40}},"locations":[{"start":{"line":57,"column":40},"end":{"line":57,"column":40}}]},"23":{"type":"branch","line":57,"loc":{"start":{"line":57,"column":40},"end":{"line":57,"column":40}},"locations":[{"start":{"line":57,"column":40},"end":{"line":57,"column":40}}]},"24":{"type":"branch","line":57,"loc":{"start":{"line":57,"column":40},"end":{"line":57,"column":40}},"locations":[{"start":{"line":57,"column":40},"end":{"line":57,"column":40}}]},"25":{"type":"branch","line":57,"loc":{"start":{"line":57,"column":40},"end":{"line":57,"column":40}},"locations":[{"start":{"line":57,"column":40},"end":{"line":57,"column":40}}]},"26":{"type":"branch","line":57,"loc":{"start":{"line":57,"column":40},"end":{"line":57,"column":40}},"locations":[{"start":{"line":57,"column":40},"end":{"line":57,"column":40}}]},"27":{"type":"branch","line":57,"loc":{"start":{"line":57,"column":40},"end":{"line":57,"column":40}},"locations":[{"start":{"line":57,"column":40},"end":{"line":57,"column":40}}]},"28":{"type":"branch","line":57,"loc":{"start":{"line":57,"column":40},"end":{"line":57,"column":40}},"locations":[{"start":{"line":57,"column":40},"end":{"line":57,"column":40}}]},"29":{"type":"branch","line":57,"loc":{"start":{"line":57,"column":40},"end":{"line":57,"column":40}},"locations":[{"start":{"line":57,"column":40},"end":{"line":57,"column":40}}]},"30":{"type":"branch","line":57,"loc":{"start":{"line":57,"column":40},"end":{"line":57,"column":40}},"locations":[{"start":{"line":57,"column":40},"end":{"line":57,"column":40}}]},"31":{"type":"branch","line":57,"loc":{"start":{"line":57,"column":40},"end":{"line":57,"column":40}},"locations":[{"start":{"line":57,"column":40},"end":{"line":57,"column":40}}]},"32":{"type":"branch","line":57,"loc":{"start":{"line":57,"column":40},"end":{"line":57,"column":40}},"locations":[{"start":{"line":57,"column":40},"end":{"line":57,"column":40}}]},"33":{"type":"branch","line":57,"loc":{"start":{"line":57,"column":40},"end":{"line":57,"column":40}},"locations":[{"start":{"line":57,"column":40},"end":{"line":57,"column":40}}]},"34":{"type":"branch","line":57,"loc":{"start":{"line":57,"column":40},"end":{"line":57,"column":40}},"locations":[{"start":{"line":57,"column":40},"end":{"line":57,"column":40}}]},"35":{"type":"branch","line":57,"loc":{"start":{"line":57,"column":40},"end":{"line":57,"column":40}},"locations":[{"start":{"line":57,"column":40},"end":{"line":57,"column":40}}]},"36":{"type":"branch","line":57,"loc":{"start":{"line":57,"column":40},"end":{"line":57,"column":40}},"locations":[{"start":{"line":57,"column":40},"end":{"line":57,"column":40}}]},"37":{"type":"branch","line":57,"loc":{"start":{"line":57,"column":40},"end":{"line":57,"column":40}},"locations":[{"start":{"line":57,"column":40},"end":{"line":57,"column":40}}]},"38":{"type":"branch","line":57,"loc":{"start":{"line":57,"column":40},"end":{"line":57,"column":40}},"locations":[{"start":{"line":57,"column":40},"end":{"line":57,"column":40}}]},"39":{"type":"branch","line":57,"loc":{"start":{"line":57,"column":40},"end":{"line":57,"column":40}},"locations":[{"start":{"line":57,"column":40},"end":{"line":57,"column":40}}]},"40":{"type":"branch","line":57,"loc":{"start":{"line":57,"column":40},"end":{"line":57,"column":40}},"locations":[{"start":{"line":57,"column":40},"end":{"line":57,"column":40}}]},"41":{"type":"branch","line":57,"loc":{"start":{"line":57,"column":40},"end":{"line":57,"column":40}},"locations":[{"start":{"line":57,"column":40},"end":{"line":57,"column":40}}]},"42":{"type":"branch","line":57,"loc":{"start":{"line":57,"column":40},"end":{"line":57,"column":40}},"locations":[{"start":{"line":57,"column":40},"end":{"line":57,"column":40}}]},"43":{"type":"branch","line":57,"loc":{"start":{"line":57,"column":40},"end":{"line":57,"column":40}},"locations":[{"start":{"line":57,"column":40},"end":{"line":57,"column":40}}]},"44":{"type":"branch","line":57,"loc":{"start":{"line":57,"column":40},"end":{"line":57,"column":40}},"locations":[{"start":{"line":57,"column":40},"end":{"line":57,"column":40}}]},"45":{"type":"branch","line":57,"loc":{"start":{"line":57,"column":40},"end":{"line":57,"column":40}},"locations":[{"start":{"line":57,"column":40},"end":{"line":57,"column":40}}]},"46":{"type":"branch","line":57,"loc":{"start":{"line":57,"column":40},"end":{"line":57,"column":40}},"locations":[{"start":{"line":57,"column":40},"end":{"line":57,"column":40}}]},"47":{"type":"branch","line":57,"loc":{"start":{"line":57,"column":40},"end":{"line":57,"column":40}},"locations":[{"start":{"line":57,"column":40},"end":{"line":57,"column":40}}]},"48":{"type":"branch","line":57,"loc":{"start":{"line":57,"column":40},"end":{"line":57,"column":40}},"locations":[{"start":{"line":57,"column":40},"end":{"line":57,"column":40}}]},"49":{"type":"branch","line":57,"loc":{"start":{"line":57,"column":40},"end":{"line":57,"column":40}},"locations":[{"start":{"line":57,"column":40},"end":{"line":57,"column":40}}]},"50":{"type":"branch","line":57,"loc":{"start":{"line":57,"column":40},"end":{"line":57,"column":40}},"locations":[{"start":{"line":57,"column":40},"end":{"line":57,"column":40}}]},"51":{"type":"branch","line":57,"loc":{"start":{"line":57,"column":40},"end":{"line":57,"column":40}},"locations":[{"start":{"line":57,"column":40},"end":{"line":57,"column":40}}]},"52":{"type":"branch","line":57,"loc":{"start":{"line":57,"column":40},"end":{"line":57,"column":40}},"locations":[{"start":{"line":57,"column":40},"end":{"line":57,"column":40}}]},"53":{"type":"branch","line":57,"loc":{"start":{"line":57,"column":40},"end":{"line":57,"column":40}},"locations":[{"start":{"line":57,"column":40},"end":{"line":57,"column":40}}]},"54":{"type":"branch","line":57,"loc":{"start":{"line":57,"column":40},"end":{"line":57,"column":40}},"locations":[{"start":{"line":57,"column":40},"end":{"line":57,"column":40}}]},"55":{"type":"branch","line":57,"loc":{"start":{"line":57,"column":40},"end":{"line":57,"column":40}},"locations":[{"start":{"line":57,"column":40},"end":{"line":57,"column":40}}]},"56":{"type":"branch","line":57,"loc":{"start":{"line":57,"column":40},"end":{"line":57,"column":40}},"locations":[{"start":{"line":57,"column":40},"end":{"line":57,"column":40}}]},"57":{"type":"branch","line":57,"loc":{"start":{"line":57,"column":40},"end":{"line":57,"column":40}},"locations":[{"start":{"line":57,"column":40},"end":{"line":57,"column":40}}]},"58":{"type":"branch","line":57,"loc":{"start":{"line":57,"column":40},"end":{"line":57,"column":40}},"locations":[{"start":{"line":57,"column":40},"end":{"line":57,"column":40}}]},"59":{"type":"branch","line":26,"loc":{"start":{"line":26,"column":0},"end":{"line":55,"column":1}},"locations":[{"start":{"line":26,"column":0},"end":{"line":55,"column":1}}]},"60":{"type":"branch","line":27,"loc":{"start":{"line":27,"column":2},"end":{"line":30,"column":6}},"locations":[{"start":{"line":27,"column":2},"end":{"line":30,"column":6}}]},"61":{"type":"branch","line":32,"loc":{"start":{"line":32,"column":2},"end":{"line":54,"column":3}},"locations":[{"start":{"line":32,"column":2},"end":{"line":54,"column":3}}]},"62":{"type":"branch","line":57,"loc":{"start":{"line":57,"column":40},"end":{"line":57,"column":40}},"locations":[{"start":{"line":57,"column":40},"end":{"line":57,"column":40}}]},"63":{"type":"branch","line":57,"loc":{"start":{"line":57,"column":40},"end":{"line":57,"column":40}},"locations":[{"start":{"line":57,"column":40},"end":{"line":57,"column":40}}]},"64":{"type":"branch","line":57,"loc":{"start":{"line":57,"column":40},"end":{"line":57,"column":40}},"locations":[{"start":{"line":57,"column":40},"end":{"line":57,"column":40}}]},"65":{"type":"branch","line":57,"loc":{"start":{"line":57,"column":40},"end":{"line":57,"column":40}},"locations":[{"start":{"line":57,"column":40},"end":{"line":57,"column":40}}]},"66":{"type":"branch","line":57,"loc":{"start":{"line":57,"column":40},"end":{"line":57,"column":40}},"locations":[{"start":{"line":57,"column":40},"end":{"line":57,"column":40}}]},"67":{"type":"branch","line":40,"loc":{"start":{"line":40,"column":37},"end":{"line":42,"column":7}},"locations":[{"start":{"line":40,"column":37},"end":{"line":42,"column":7}}]},"68":{"type":"branch","line":57,"loc":{"start":{"line":57,"column":40},"end":{"line":57,"column":40}},"locations":[{"start":{"line":57,"column":40},"end":{"line":57,"column":40}}]},"69":{"type":"branch","line":57,"loc":{"start":{"line":57,"column":40},"end":{"line":57,"column":40}},"locations":[{"start":{"line":57,"column":40},"end":{"line":57,"column":40}}]},"70":{"type":"branch","line":57,"loc":{"start":{"line":57,"column":40},"end":{"line":57,"column":40}},"locations":[{"start":{"line":57,"column":40},"end":{"line":57,"column":40}}]}},"b":{"0":[1],"1":[1],"2":[0],"3":[0],"4":[0],"5":[0],"6":[1],"7":[1],"8":[1],"9":[3],"10":[6],"11":[0],"12":[3],"13":[6],"14":[0],"15":[9],"16":[3],"17":[6],"18":[3],"19":[6],"20":[0],"21":[9],"22":[9],"23":[9],"24":[0],"25":[21],"26":[0],"27":[0],"28":[0],"29":[0],"30":[9],"31":[9],"32":[0],"33":[6],"34":[0],"35":[6],"36":[3],"37":[3],"38":[3],"39":[0],"40":[0],"41":[3],"42":[0],"43":[0],"44":[3],"45":[0],"46":[3],"47":[0],"48":[3],"49":[0],"50":[9],"51":[0],"52":[9],"53":[3],"54":[0],"55":[3],"56":[0],"57":[1],"58":[0],"59":[1],"60":[2],"61":[3],"62":[3],"63":[9],"64":[3],"65":[0],"66":[3],"67":[0],"68":[0],"69":[3],"70":[0]},"fnMap":{"0":{"name":"__decorate","decl":{"start":{"line":57,"column":40},"end":{"line":57,"column":40}},"loc":{"start":{"line":57,"column":40},"end":{"line":57,"column":40}},"line":57},"1":{"name":"__metadata","decl":{"start":{"line":57,"column":40},"end":{"line":57,"column":40}},"loc":{"start":{"line":57,"column":40},"end":{"line":57,"column":40}},"line":57},"2":{"name":"__param","decl":{"start":{"line":57,"column":40},"end":{"line":57,"column":40}},"loc":{"start":{"line":57,"column":40},"end":{"line":57,"column":40}},"line":57},"3":{"name":"__awaiter","decl":{"start":{"line":57,"column":40},"end":{"line":57,"column":40}},"loc":{"start":{"line":57,"column":40},"end":{"line":57,"column":40}},"line":57},"4":{"name":"adopt","decl":{"start":{"line":57,"column":40},"end":{"line":57,"column":40}},"loc":{"start":{"line":57,"column":40},"end":{"line":57,"column":40}},"line":57},"5":{"name":"fulfilled","decl":{"start":{"line":57,"column":40},"end":{"line":57,"column":40}},"loc":{"start":{"line":57,"column":40},"end":{"line":57,"column":40}},"line":57},"6":{"name":"rejected","decl":{"start":{"line":57,"column":40},"end":{"line":57,"column":40}},"loc":{"start":{"line":57,"column":40},"end":{"line":57,"column":40}},"line":57},"7":{"name":"step","decl":{"start":{"line":57,"column":40},"end":{"line":57,"column":40}},"loc":{"start":{"line":57,"column":40},"end":{"line":57,"column":40}},"line":57},"8":{"name":"__generator","decl":{"start":{"line":57,"column":40},"end":{"line":57,"column":40}},"loc":{"start":{"line":57,"column":40},"end":{"line":57,"column":40}},"line":57},"9":{"name":"sent","decl":{"start":{"line":57,"column":40},"end":{"line":57,"column":40}},"loc":{"start":{"line":57,"column":40},"end":{"line":57,"column":40}},"line":57},"10":{"name":"Symbol.function.g.(anonymous function)","decl":{"start":{"line":57,"column":40},"end":{"line":57,"column":40}},"loc":{"start":{"line":57,"column":40},"end":{"line":57,"column":40}},"line":57},"11":{"name":"verb","decl":{"start":{"line":57,"column":40},"end":{"line":57,"column":40}},"loc":{"start":{"line":57,"column":40},"end":{"line":57,"column":40}},"line":57},"12":{"name":"step","decl":{"start":{"line":57,"column":40},"end":{"line":57,"column":40}},"loc":{"start":{"line":57,"column":40},"end":{"line":57,"column":40}},"line":57},"13":{"name":"__importDefault","decl":{"start":{"line":57,"column":40},"end":{"line":57,"column":40}},"loc":{"start":{"line":57,"column":40},"end":{"line":57,"column":40}},"line":57},"14":{"name":"CreateAppointmentService","decl":{"start":{"line":27,"column":2},"end":{"line":30,"column":6}},"loc":{"start":{"line":27,"column":2},"end":{"line":30,"column":6}},"line":27},"15":{"name":"CreateAppointmentService.execute","decl":{"start":{"line":32,"column":2},"end":{"line":54,"column":3}},"loc":{"start":{"line":32,"column":2},"end":{"line":54,"column":3}},"line":32}},"f":{"0":1,"1":1,"2":1,"3":3,"4":6,"5":6,"6":0,"7":9,"8":3,"9":6,"10":0,"11":9,"12":9,"13":1,"14":2,"15":3}}
,"/home/leonardo/Documentos/projetos-rocket/goStack11/backend/node-01/src/modules/users/services/AuthenticateUserService.ts": {"path":"/home/leonardo/Documentos/projetos-rocket/goStack11/backend/node-01/src/modules/users/services/AuthenticateUserService.ts","statementMap":{"0":{"start":{"line":1,"column":0},"end":{"line":1,"column":36}},"1":{"start":{"line":2,"column":0},"end":{"line":2,"column":38}},"2":{"start":{"line":3,"column":0},"end":{"line":3,"column":0}},"3":{"start":{"line":4,"column":0},"end":{"line":4,"column":46}},"4":{"start":{"line":5,"column":0},"end":{"line":5,"column":0}},"5":{"start":{"line":6,"column":0},"end":{"line":6,"column":62}},"6":{"start":{"line":7,"column":0},"end":{"line":7,"column":0}},"7":{"start":{"line":8,"column":0},"end":{"line":8,"column":47}},"8":{"start":{"line":9,"column":0},"end":{"line":9,"column":64}},"9":{"start":{"line":10,"column":0},"end":{"line":10,"column":75}},"10":{"start":{"line":11,"column":0},"end":{"line":11,"column":0}},"11":{"start":{"line":12,"column":0},"end":{"line":12,"column":22}},"12":{"start":{"line":13,"column":0},"end":{"line":13,"column":16}},"13":{"start":{"line":14,"column":0},"end":{"line":14,"column":19}},"14":{"start":{"line":15,"column":0},"end":{"line":15,"column":1}},"15":{"start":{"line":16,"column":0},"end":{"line":16,"column":0}},"16":{"start":{"line":17,"column":0},"end":{"line":17,"column":21}},"17":{"start":{"line":18,"column":0},"end":{"line":18,"column":13}},"18":{"start":{"line":19,"column":0},"end":{"line":19,"column":16}},"19":{"start":{"line":20,"column":0},"end":{"line":20,"column":1}},"20":{"start":{"line":21,"column":0},"end":{"line":21,"column":0}},"21":{"start":{"line":22,"column":0},"end":{"line":22,"column":13}},"22":{"start":{"line":23,"column":0},"end":{"line":23,"column":31}},"23":{"start":{"line":24,"column":0},"end":{"line":24,"column":14}},"24":{"start":{"line":25,"column":0},"end":{"line":25,"column":30}},"25":{"start":{"line":26,"column":0},"end":{"line":26,"column":46}},"26":{"start":{"line":27,"column":0},"end":{"line":27,"column":0}},"27":{"start":{"line":28,"column":0},"end":{"line":28,"column":27}},"28":{"start":{"line":29,"column":0},"end":{"line":29,"column":41}},"29":{"start":{"line":30,"column":0},"end":{"line":30,"column":8}},"30":{"start":{"line":31,"column":0},"end":{"line":31,"column":4}},"31":{"start":{"line":32,"column":0},"end":{"line":32,"column":80}},"32":{"start":{"line":33,"column":0},"end":{"line":33,"column":11}},"33":{"start":{"line":34,"column":0},"end":{"line":34,"column":67}},"34":{"start":{"line":35,"column":0},"end":{"line":35,"column":6}},"35":{"start":{"line":36,"column":0},"end":{"line":36,"column":20}},"36":{"start":{"line":37,"column":0},"end":{"line":37,"column":75}},"37":{"start":{"line":38,"column":0},"end":{"line":38,"column":9}},"38":{"start":{"line":39,"column":0},"end":{"line":39,"column":6}},"39":{"start":{"line":40,"column":0},"end":{"line":40,"column":93}},"40":{"start":{"line":41,"column":0},"end":{"line":41,"column":6}},"41":{"start":{"line":42,"column":0},"end":{"line":42,"column":31}},"42":{"start":{"line":43,"column":0},"end":{"line":43,"column":75}},"43":{"start":{"line":44,"column":0},"end":{"line":44,"column":9}},"44":{"start":{"line":45,"column":0},"end":{"line":45,"column":6}},"45":{"start":{"line":46,"column":0},"end":{"line":46,"column":54}},"46":{"start":{"line":47,"column":0},"end":{"line":47,"column":6}},"47":{"start":{"line":48,"column":0},"end":{"line":48,"column":40}},"48":{"start":{"line":49,"column":0},"end":{"line":49,"column":27}},"49":{"start":{"line":50,"column":0},"end":{"line":50,"column":26}},"50":{"start":{"line":51,"column":0},"end":{"line":51,"column":11}},"51":{"start":{"line":52,"column":0},"end":{"line":52,"column":6}},"52":{"start":{"line":53,"column":0},"end":{"line":53,"column":16}},"53":{"start":{"line":54,"column":0},"end":{"line":54,"column":15}},"54":{"start":{"line":55,"column":0},"end":{"line":55,"column":15}},"55":{"start":{"line":56,"column":0},"end":{"line":56,"column":9}},"56":{"start":{"line":57,"column":0},"end":{"line":57,"column":6}},"57":{"start":{"line":58,"column":0},"end":{"line":58,"column":19}},"58":{"start":{"line":59,"column":0},"end":{"line":59,"column":54}},"59":{"start":{"line":60,"column":0},"end":{"line":60,"column":5}},"60":{"start":{"line":61,"column":0},"end":{"line":61,"column":3}},"61":{"start":{"line":62,"column":0},"end":{"line":62,"column":1}},"62":{"start":{"line":63,"column":0},"end":{"line":63,"column":0}},"63":{"start":{"line":64,"column":0},"end":{"line":64,"column":39}}},"s":{"0":1,"1":1,"2":1,"3":1,"4":1,"5":1,"6":1,"7":1,"8":1,"9":1,"10":1,"11":1,"12":1,"13":1,"14":1,"15":1,"16":1,"17":1,"18":1,"19":1,"20":1,"21":1,"22":1,"23":1,"24":1,"25":1,"26":1,"27":1,"28":1,"29":1,"30":1,"31":1,"32":1,"33":1,"34":1,"35":1,"36":1,"37":1,"38":0,"39":0,"40":1,"41":1,"42":1,"43":1,"44":1,"45":1,"46":1,"47":1,"48":1,"49":1,"50":1,"51":1,"52":1,"53":1,"54":1,"55":1,"56":1,"57":1,"58":1,"59":1,"60":1,"61":1,"62":1,"63":1},"branchMap":{"0":{"type":"branch","line":64,"loc":{"start":{"line":64,"column":39},"end":{"line":64,"column":39}},"locations":[{"start":{"line":64,"column":39},"end":{"line":64,"column":39}}]},"1":{"type":"branch","line":64,"loc":{"start":{"line":64,"column":39},"end":{"line":64,"column":39}},"locations":[{"start":{"line":64,"column":39},"end":{"line":64,"column":39}}]},"2":{"type":"branch","line":64,"loc":{"start":{"line":64,"column":39},"end":{"line":64,"column":39}},"locations":[{"start":{"line":64,"column":39},"end":{"line":64,"column":39}}]},"3":{"type":"branch","line":64,"loc":{"start":{"line":64,"column":39},"end":{"line":64,"column":39}},"locations":[{"start":{"line":64,"column":39},"end":{"line":64,"column":39}}]},"4":{"type":"branch","line":64,"loc":{"start":{"line":64,"column":39},"end":{"line":64,"column":39}},"locations":[{"start":{"line":64,"column":39},"end":{"line":64,"column":39}}]},"5":{"type":"branch","line":64,"loc":{"start":{"line":64,"column":39},"end":{"line":64,"column":39}},"locations":[{"start":{"line":64,"column":39},"end":{"line":64,"column":39}}]},"6":{"type":"branch","line":64,"loc":{"start":{"line":64,"column":39},"end":{"line":64,"column":39}},"locations":[{"start":{"line":64,"column":39},"end":{"line":64,"column":39}}]},"7":{"type":"branch","line":64,"loc":{"start":{"line":64,"column":39},"end":{"line":64,"column":39}},"locations":[{"start":{"line":64,"column":39},"end":{"line":64,"column":39}}]},"8":{"type":"branch","line":64,"loc":{"start":{"line":64,"column":39},"end":{"line":64,"column":39}},"locations":[{"start":{"line":64,"column":39},"end":{"line":64,"column":39}}]},"9":{"type":"branch","line":64,"loc":{"start":{"line":64,"column":39},"end":{"line":64,"column":39}},"locations":[{"start":{"line":64,"column":39},"end":{"line":64,"column":39}}]},"10":{"type":"branch","line":64,"loc":{"start":{"line":64,"column":39},"end":{"line":64,"column":39}},"locations":[{"start":{"line":64,"column":39},"end":{"line":64,"column":39}}]},"11":{"type":"branch","line":64,"loc":{"start":{"line":64,"column":39},"end":{"line":64,"column":39}},"locations":[{"start":{"line":64,"column":39},"end":{"line":64,"column":39}}]},"12":{"type":"branch","line":64,"loc":{"start":{"line":64,"column":39},"end":{"line":64,"column":39}},"locations":[{"start":{"line":64,"column":39},"end":{"line":64,"column":39}}]},"13":{"type":"branch","line":64,"loc":{"start":{"line":64,"column":39},"end":{"line":64,"column":39}},"locations":[{"start":{"line":64,"column":39},"end":{"line":64,"column":39}}]},"14":{"type":"branch","line":64,"loc":{"start":{"line":64,"column":39},"end":{"line":64,"column":39}},"locations":[{"start":{"line":64,"column":39},"end":{"line":64,"column":39}}]},"15":{"type":"branch","line":64,"loc":{"start":{"line":64,"column":39},"end":{"line":64,"column":39}},"locations":[{"start":{"line":64,"column":39},"end":{"line":64,"column":39}}]},"16":{"type":"branch","line":64,"loc":{"start":{"line":64,"column":39},"end":{"line":64,"column":39}},"locations":[{"start":{"line":64,"column":39},"end":{"line":64,"column":39}}]},"17":{"type":"branch","line":64,"loc":{"start":{"line":64,"column":39},"end":{"line":64,"column":39}},"locations":[{"start":{"line":64,"column":39},"end":{"line":64,"column":39}}]},"18":{"type":"branch","line":64,"loc":{"start":{"line":64,"column":39},"end":{"line":64,"column":39}},"locations":[{"start":{"line":64,"column":39},"end":{"line":64,"column":39}}]},"19":{"type":"branch","line":64,"loc":{"start":{"line":64,"column":39},"end":{"line":64,"column":39}},"locations":[{"start":{"line":64,"column":39},"end":{"line":64,"column":39}}]},"20":{"type":"branch","line":64,"loc":{"start":{"line":64,"column":39},"end":{"line":64,"column":39}},"locations":[{"start":{"line":64,"column":39},"end":{"line":64,"column":39}}]},"21":{"type":"branch","line":64,"loc":{"start":{"line":64,"column":39},"end":{"line":64,"column":39}},"locations":[{"start":{"line":64,"column":39},"end":{"line":64,"column":39}}]},"22":{"type":"branch","line":64,"loc":{"start":{"line":64,"column":39},"end":{"line":64,"column":39}},"locations":[{"start":{"line":64,"column":39},"end":{"line":64,"column":39}}]},"23":{"type":"branch","line":64,"loc":{"start":{"line":64,"column":39},"end":{"line":64,"column":39}},"locations":[{"start":{"line":64,"column":39},"end":{"line":64,"column":39}}]},"24":{"type":"branch","line":64,"loc":{"start":{"line":64,"column":39},"end":{"line":64,"column":39}},"locations":[{"start":{"line":64,"column":39},"end":{"line":64,"column":39}}]},"25":{"type":"branch","line":64,"loc":{"start":{"line":64,"column":39},"end":{"line":64,"column":39}},"locations":[{"start":{"line":64,"column":39},"end":{"line":64,"column":39}}]},"26":{"type":"branch","line":64,"loc":{"start":{"line":64,"column":39},"end":{"line":64,"column":39}},"locations":[{"start":{"line":64,"column":39},"end":{"line":64,"column":39}}]},"27":{"type":"branch","line":64,"loc":{"start":{"line":64,"column":39},"end":{"line":64,"column":39}},"locations":[{"start":{"line":64,"column":39},"end":{"line":64,"column":39}}]},"28":{"type":"branch","line":64,"loc":{"start":{"line":64,"column":39},"end":{"line":64,"column":39}},"locations":[{"start":{"line":64,"column":39},"end":{"line":64,"column":39}}]},"29":{"type":"branch","line":64,"loc":{"start":{"line":64,"column":39},"end":{"line":64,"column":39}},"locations":[{"start":{"line":64,"column":39},"end":{"line":64,"column":39}}]},"30":{"type":"branch","line":64,"loc":{"start":{"line":64,"column":39},"end":{"line":64,"column":39}},"locations":[{"start":{"line":64,"column":39},"end":{"line":64,"column":39}}]},"31":{"type":"branch","line":64,"loc":{"start":{"line":64,"column":39},"end":{"line":64,"column":39}},"locations":[{"start":{"line":64,"column":39},"end":{"line":64,"column":39}}]},"32":{"type":"branch","line":64,"loc":{"start":{"line":64,"column":39},"end":{"line":64,"column":39}},"locations":[{"start":{"line":64,"column":39},"end":{"line":64,"column":39}}]},"33":{"type":"branch","line":64,"loc":{"start":{"line":64,"column":39},"end":{"line":64,"column":39}},"locations":[{"start":{"line":64,"column":39},"end":{"line":64,"column":39}}]},"34":{"type":"branch","line":64,"loc":{"start":{"line":64,"column":39},"end":{"line":64,"column":39}},"locations":[{"start":{"line":64,"column":39},"end":{"line":64,"column":39}}]},"35":{"type":"branch","line":64,"loc":{"start":{"line":64,"column":39},"end":{"line":64,"column":39}},"locations":[{"start":{"line":64,"column":39},"end":{"line":64,"column":39}}]},"36":{"type":"branch","line":64,"loc":{"start":{"line":64,"column":39},"end":{"line":64,"column":39}},"locations":[{"start":{"line":64,"column":39},"end":{"line":64,"column":39}}]},"37":{"type":"branch","line":64,"loc":{"start":{"line":64,"column":39},"end":{"line":64,"column":39}},"locations":[{"start":{"line":64,"column":39},"end":{"line":64,"column":39}}]},"38":{"type":"branch","line":64,"loc":{"start":{"line":64,"column":39},"end":{"line":64,"column":39}},"locations":[{"start":{"line":64,"column":39},"end":{"line":64,"column":39}}]},"39":{"type":"branch","line":64,"loc":{"start":{"line":64,"column":39},"end":{"line":64,"column":39}},"locations":[{"start":{"line":64,"column":39},"end":{"line":64,"column":39}}]},"40":{"type":"branch","line":64,"loc":{"start":{"line":64,"column":39},"end":{"line":64,"column":39}},"locations":[{"start":{"line":64,"column":39},"end":{"line":64,"column":39}}]},"41":{"type":"branch","line":64,"loc":{"start":{"line":64,"column":39},"end":{"line":64,"column":39}},"locations":[{"start":{"line":64,"column":39},"end":{"line":64,"column":39}}]},"42":{"type":"branch","line":64,"loc":{"start":{"line":64,"column":39},"end":{"line":64,"column":39}},"locations":[{"start":{"line":64,"column":39},"end":{"line":64,"column":39}}]},"43":{"type":"branch","line":64,"loc":{"start":{"line":64,"column":39},"end":{"line":64,"column":39}},"locations":[{"start":{"line":64,"column":39},"end":{"line":64,"column":39}}]},"44":{"type":"branch","line":64,"loc":{"start":{"line":64,"column":39},"end":{"line":64,"column":39}},"locations":[{"start":{"line":64,"column":39},"end":{"line":64,"column":39}}]},"45":{"type":"branch","line":64,"loc":{"start":{"line":64,"column":39},"end":{"line":64,"column":39}},"locations":[{"start":{"line":64,"column":39},"end":{"line":64,"column":39}}]},"46":{"type":"branch","line":64,"loc":{"start":{"line":64,"column":39},"end":{"line":64,"column":39}},"locations":[{"start":{"line":64,"column":39},"end":{"line":64,"column":39}}]},"47":{"type":"branch","line":64,"loc":{"start":{"line":64,"column":39},"end":{"line":64,"column":39}},"locations":[{"start":{"line":64,"column":39},"end":{"line":64,"column":39}}]},"48":{"type":"branch","line":64,"loc":{"start":{"line":64,"column":39},"end":{"line":64,"column":39}},"locations":[{"start":{"line":64,"column":39},"end":{"line":64,"column":39}}]},"49":{"type":"branch","line":64,"loc":{"start":{"line":64,"column":39},"end":{"line":64,"column":39}},"locations":[{"start":{"line":64,"column":39},"end":{"line":64,"column":39}}]},"50":{"type":"branch","line":64,"loc":{"start":{"line":64,"column":39},"end":{"line":64,"column":39}},"locations":[{"start":{"line":64,"column":39},"end":{"line":64,"column":39}}]},"51":{"type":"branch","line":64,"loc":{"start":{"line":64,"column":39},"end":{"line":64,"column":39}},"locations":[{"start":{"line":64,"column":39},"end":{"line":64,"column":39}}]},"52":{"type":"branch","line":64,"loc":{"start":{"line":64,"column":39},"end":{"line":64,"column":39}},"locations":[{"start":{"line":64,"column":39},"end":{"line":64,"column":39}}]},"53":{"type":"branch","line":64,"loc":{"start":{"line":64,"column":39},"end":{"line":64,"column":39}},"locations":[{"start":{"line":64,"column":39},"end":{"line":64,"column":39}}]},"54":{"type":"branch","line":64,"loc":{"start":{"line":64,"column":39},"end":{"line":64,"column":39}},"locations":[{"start":{"line":64,"column":39},"end":{"line":64,"column":39}}]},"55":{"type":"branch","line":64,"loc":{"start":{"line":64,"column":39},"end":{"line":64,"column":39}},"locations":[{"start":{"line":64,"column":39},"end":{"line":64,"column":39}}]},"56":{"type":"branch","line":64,"loc":{"start":{"line":64,"column":39},"end":{"line":64,"column":39}},"locations":[{"start":{"line":64,"column":39},"end":{"line":64,"column":39}}]},"57":{"type":"branch","line":64,"loc":{"start":{"line":64,"column":39},"end":{"line":64,"column":39}},"locations":[{"start":{"line":64,"column":39},"end":{"line":64,"column":39}}]},"58":{"type":"branch","line":23,"loc":{"start":{"line":23,"column":0},"end":{"line":62,"column":1}},"locations":[{"start":{"line":23,"column":0},"end":{"line":62,"column":1}}]},"59":{"type":"branch","line":24,"loc":{"start":{"line":24,"column":2},"end":{"line":30,"column":8}},"locations":[{"start":{"line":24,"column":2},"end":{"line":30,"column":8}}]},"60":{"type":"branch","line":32,"loc":{"start":{"line":32,"column":4},"end":{"line":61,"column":3}},"locations":[{"start":{"line":32,"column":4},"end":{"line":61,"column":3}}]},"61":{"type":"branch","line":64,"loc":{"start":{"line":64,"column":39},"end":{"line":64,"column":39}},"locations":[{"start":{"line":64,"column":39},"end":{"line":64,"column":39}}]},"62":{"type":"branch","line":64,"loc":{"start":{"line":64,"column":39},"end":{"line":64,"column":39}},"locations":[{"start":{"line":64,"column":39},"end":{"line":64,"column":39}}]},"63":{"type":"branch","line":64,"loc":{"start":{"line":64,"column":39},"end":{"line":64,"column":39}},"locations":[{"start":{"line":64,"column":39},"end":{"line":64,"column":39}}]},"64":{"type":"branch","line":64,"loc":{"start":{"line":64,"column":39},"end":{"line":64,"column":39}},"locations":[{"start":{"line":64,"column":39},"end":{"line":64,"column":39}}]},"65":{"type":"branch","line":64,"loc":{"start":{"line":64,"column":39},"end":{"line":64,"column":39}},"locations":[{"start":{"line":64,"column":39},"end":{"line":64,"column":39}}]},"66":{"type":"branch","line":38,"loc":{"start":{"line":38,"column":9},"end":{"line":40,"column":93}},"locations":[{"start":{"line":38,"column":9},"end":{"line":40,"column":93}}]},"67":{"type":"branch","line":64,"loc":{"start":{"line":64,"column":39},"end":{"line":64,"column":39}},"locations":[{"start":{"line":64,"column":39},"end":{"line":64,"column":39}}]},"68":{"type":"branch","line":64,"loc":{"start":{"line":64,"column":39},"end":{"line":64,"column":39}},"locations":[{"start":{"line":64,"column":39},"end":{"line":64,"column":39}}]},"69":{"type":"branch","line":64,"loc":{"start":{"line":64,"column":39},"end":{"line":64,"column":39}},"locations":[{"start":{"line":64,"column":39},"end":{"line":64,"column":39}}]}},"b":{"0":[1],"1":[1],"2":[0],"3":[0],"4":[0],"5":[0],"6":[1],"7":[2],"8":[2],"9":[1],"10":[1],"11":[0],"12":[1],"13":[1],"14":[0],"15":[1],"16":[0],"17":[1],"18":[2],"19":[0],"20":[3],"21":[2],"22":[2],"23":[0],"24":[6],"25":[0],"26":[0],"27":[0],"28":[0],"29":[2],"30":[2],"31":[0],"32":[1],"33":[0],"34":[3],"35":[2],"36":[1],"37":[0],"38":[1],"39":[2],"40":[0],"41":[0],"42":[2],"43":[1],"44":[0],"45":[1],"46":[0],"47":[1],"48":[0],"49":[3],"50":[1],"51":[2],"52":[3],"53":[1],"54":[0],"55":[0],"56":[2],"57":[0],"58":[1],"59":[1],"60":[1],"61":[1],"62":[3],"63":[1],"64":[0],"65":[1],"66":[0],"67":[0],"68":[1],"69":[0]},"fnMap":{"0":{"name":"__decorate","decl":{"start":{"line":64,"column":39},"end":{"line":64,"column":39}},"loc":{"start":{"line":64,"column":39},"end":{"line":64,"column":39}},"line":64},"1":{"name":"__metadata","decl":{"start":{"line":64,"column":39},"end":{"line":64,"column":39}},"loc":{"start":{"line":64,"column":39},"end":{"line":64,"column":39}},"line":64},"2":{"name":"__param","decl":{"start":{"line":64,"column":39},"end":{"line":64,"column":39}},"loc":{"start":{"line":64,"column":39},"end":{"line":64,"column":39}},"line":64},"3":{"name":"__awaiter","decl":{"start":{"line":64,"column":39},"end":{"line":64,"column":39}},"loc":{"start":{"line":64,"column":39},"end":{"line":64,"column":39}},"line":64},"4":{"name":"adopt","decl":{"start":{"line":64,"column":39},"end":{"line":64,"column":39}},"loc":{"start":{"line":64,"column":39},"end":{"line":64,"column":39}},"line":64},"5":{"name":"fulfilled","decl":{"start":{"line":64,"column":39},"end":{"line":64,"column":39}},"loc":{"start":{"line":64,"column":39},"end":{"line":64,"column":39}},"line":64},"6":{"name":"rejected","decl":{"start":{"line":64,"column":39},"end":{"line":64,"column":39}},"loc":{"start":{"line":64,"column":39},"end":{"line":64,"column":39}},"line":64},"7":{"name":"step","decl":{"start":{"line":64,"column":39},"end":{"line":64,"column":39}},"loc":{"start":{"line":64,"column":39},"end":{"line":64,"column":39}},"line":64},"8":{"name":"__generator","decl":{"start":{"line":64,"column":39},"end":{"line":64,"column":39}},"loc":{"start":{"line":64,"column":39},"end":{"line":64,"column":39}},"line":64},"9":{"name":"sent","decl":{"start":{"line":64,"column":39},"end":{"line":64,"column":39}},"loc":{"start":{"line":64,"column":39},"end":{"line":64,"column":39}},"line":64},"10":{"name":"Symbol.function.g.(anonymous function)","decl":{"start":{"line":64,"column":39},"end":{"line":64,"column":39}},"loc":{"start":{"line":64,"column":39},"end":{"line":64,"column":39}},"line":64},"11":{"name":"verb","decl":{"start":{"line":64,"column":39},"end":{"line":64,"column":39}},"loc":{"start":{"line":64,"column":39},"end":{"line":64,"column":39}},"line":64},"12":{"name":"step","decl":{"start":{"line":64,"column":39},"end":{"line":64,"column":39}},"loc":{"start":{"line":64,"column":39},"end":{"line":64,"column":39}},"line":64},"13":{"name":"__importDefault","decl":{"start":{"line":64,"column":39},"end":{"line":64,"column":39}},"loc":{"start":{"line":64,"column":39},"end":{"line":64,"column":39}},"line":64},"14":{"name":"AuthenticateUserService","decl":{"start":{"line":24,"column":2},"end":{"line":30,"column":8}},"loc":{"start":{"line":24,"column":2},"end":{"line":30,"column":8}},"line":24},"15":{"name":"AuthenticateUserService.execute","decl":{"start":{"line":32,"column":4},"end":{"line":61,"column":3}},"loc":{"start":{"line":32,"column":4},"end":{"line":61,"column":3}},"line":32}},"f":{"0":1,"1":1,"2":2,"3":1,"4":1,"5":1,"6":0,"7":1,"8":1,"9":2,"10":0,"11":3,"12":2,"13":2,"14":1,"15":1}}
,"/home/leonardo/Documentos/projetos-rocket/goStack11/backend/node-01/src/modules/users/services/CreateUserService.ts": {"path":"/home/leonardo/Documentos/projetos-rocket/goStack11/backend/node-01/src/modules/users/services/CreateUserService.ts","statementMap":{"0":{"start":{"line":1,"column":0},"end":{"line":1,"column":62}},"1":{"start":{"line":2,"column":0},"end":{"line":2,"column":0}},"2":{"start":{"line":3,"column":0},"end":{"line":3,"column":46}},"3":{"start":{"line":4,"column":0},"end":{"line":4,"column":0}},"4":{"start":{"line":5,"column":0},"end":{"line":5,"column":64}},"5":{"start":{"line":6,"column":0},"end":{"line":6,"column":75}},"6":{"start":{"line":7,"column":0},"end":{"line":7,"column":0}},"7":{"start":{"line":8,"column":0},"end":{"line":8,"column":47}},"8":{"start":{"line":9,"column":0},"end":{"line":9,"column":0}},"9":{"start":{"line":10,"column":0},"end":{"line":10,"column":22}},"10":{"start":{"line":11,"column":0},"end":{"line":11,"column":15}},"11":{"start":{"line":12,"column":0},"end":{"line":12,"column":16}},"12":{"start":{"line":13,"column":0},"end":{"line":13,"column":19}},"13":{"start":{"line":14,"column":0},"end":{"line":14,"column":1}},"14":{"start":{"line":15,"column":0},"end":{"line":15,"column":0}},"15":{"start":{"line":16,"column":0},"end":{"line":16,"column":13}},"16":{"start":{"line":17,"column":0},"end":{"line":17,"column":25}},"17":{"start":{"line":18,"column":0},"end":{"line":18,"column":14}},"18":{"start":{"line":19,"column":0},"end":{"line":19,"column":30}},"19":{"start":{"line":20,"column":0},"end":{"line":20,"column":46}},"20":{"start":{"line":21,"column":0},"end":{"line":21,"column":4}},"21":{"start":{"line":22,"column":0},"end":{"line":22,"column":27}},"22":{"start":{"line":23,"column":0},"end":{"line":23,"column":40}},"23":{"start":{"line":24,"column":0},"end":{"line":24,"column":6}},"24":{"start":{"line":25,"column":0},"end":{"line":25,"column":0}},"25":{"start":{"line":26,"column":0},"end":{"line":26,"column":78}},"26":{"start":{"line":27,"column":0},"end":{"line":27,"column":9}},"27":{"start":{"line":28,"column":0},"end":{"line":28,"column":76}},"28":{"start":{"line":29,"column":0},"end":{"line":29,"column":0}},"29":{"start":{"line":30,"column":0},"end":{"line":30,"column":28}},"30":{"start":{"line":31,"column":0},"end":{"line":31,"column":74}},"31":{"start":{"line":32,"column":0},"end":{"line":32,"column":7}},"32":{"start":{"line":33,"column":0},"end":{"line":33,"column":0}},"33":{"start":{"line":34,"column":0},"end":{"line":34,"column":76}},"34":{"start":{"line":35,"column":0},"end":{"line":35,"column":0}},"35":{"start":{"line":36,"column":0},"end":{"line":36,"column":54}},"36":{"start":{"line":37,"column":0},"end":{"line":37,"column":13}},"37":{"start":{"line":38,"column":0},"end":{"line":38,"column":14}},"38":{"start":{"line":39,"column":0},"end":{"line":39,"column":33}},"39":{"start":{"line":40,"column":0},"end":{"line":40,"column":9}},"40":{"start":{"line":41,"column":0},"end":{"line":41,"column":0}},"41":{"start":{"line":42,"column":0},"end":{"line":42,"column":18}},"42":{"start":{"line":43,"column":0},"end":{"line":43,"column":19}},"43":{"start":{"line":44,"column":0},"end":{"line":44,"column":54}},"44":{"start":{"line":45,"column":0},"end":{"line":45,"column":5}},"45":{"start":{"line":46,"column":0},"end":{"line":46,"column":3}},"46":{"start":{"line":47,"column":0},"end":{"line":47,"column":1}},"47":{"start":{"line":48,"column":0},"end":{"line":48,"column":0}},"48":{"start":{"line":49,"column":0},"end":{"line":49,"column":33}}},"s":{"0":1,"1":1,"2":1,"3":1,"4":1,"5":1,"6":1,"7":1,"8":1,"9":1,"10":1,"11":1,"12":1,"13":1,"14":1,"15":1,"16":2,"17":2,"18":3,"19":3,"20":3,"21":3,"22":3,"23":3,"24":2,"25":2,"26":4,"27":4,"28":4,"29":4,"30":0,"31":0,"32":4,"33":4,"34":4,"35":4,"36":4,"37":4,"38":4,"39":4,"40":4,"41":4,"42":4,"43":4,"44":4,"45":4,"46":2,"47":1,"48":1},"branchMap":{"0":{"type":"branch","line":49,"loc":{"start":{"line":49,"column":33},"end":{"line":49,"column":33}},"locations":[{"start":{"line":49,"column":33},"end":{"line":49,"column":33}}]},"1":{"type":"branch","line":49,"loc":{"start":{"line":49,"column":33},"end":{"line":49,"column":33}},"locations":[{"start":{"line":49,"column":33},"end":{"line":49,"column":33}}]},"2":{"type":"branch","line":49,"loc":{"start":{"line":49,"column":33},"end":{"line":49,"column":33}},"locations":[{"start":{"line":49,"column":33},"end":{"line":49,"column":33}}]},"3":{"type":"branch","line":49,"loc":{"start":{"line":49,"column":33},"end":{"line":49,"column":33}},"locations":[{"start":{"line":49,"column":33},"end":{"line":49,"column":33}}]},"4":{"type":"branch","line":49,"loc":{"start":{"line":49,"column":33},"end":{"line":49,"column":33}},"locations":[{"start":{"line":49,"column":33},"end":{"line":49,"column":33}}]},"5":{"type":"branch","line":49,"loc":{"start":{"line":49,"column":33},"end":{"line":49,"column":33}},"locations":[{"start":{"line":49,"column":33},"end":{"line":49,"column":33}}]},"6":{"type":"branch","line":49,"loc":{"start":{"line":49,"column":33},"end":{"line":49,"column":33}},"locations":[{"start":{"line":49,"column":33},"end":{"line":49,"column":33}}]},"7":{"type":"branch","line":49,"loc":{"start":{"line":49,"column":33},"end":{"line":49,"column":33}},"locations":[{"start":{"line":49,"column":33},"end":{"line":49,"column":33}}]},"8":{"type":"branch","line":49,"loc":{"start":{"line":49,"column":33},"end":{"line":49,"column":33}},"locations":[{"start":{"line":49,"column":33},"end":{"line":49,"column":33}}]},"9":{"type":"branch","line":49,"loc":{"start":{"line":49,"column":33},"end":{"line":49,"column":33}},"locations":[{"start":{"line":49,"column":33},"end":{"line":49,"column":33}}]},"10":{"type":"branch","line":49,"loc":{"start":{"line":49,"column":33},"end":{"line":49,"column":33}},"locations":[{"start":{"line":49,"column":33},"end":{"line":49,"column":33}}]},"11":{"type":"branch","line":49,"loc":{"start":{"line":49,"column":33},"end":{"line":49,"column":33}},"locations":[{"start":{"line":49,"column":33},"end":{"line":49,"column":33}}]},"12":{"type":"branch","line":49,"loc":{"start":{"line":49,"column":33},"end":{"line":49,"column":33}},"locations":[{"start":{"line":49,"column":33},"end":{"line":49,"column":33}}]},"13":{"type":"branch","line":49,"loc":{"start":{"line":49,"column":33},"end":{"line":49,"column":33}},"locations":[{"start":{"line":49,"column":33},"end":{"line":49,"column":33}}]},"14":{"type":"branch","line":49,"loc":{"start":{"line":49,"column":33},"end":{"line":49,"column":33}},"locations":[{"start":{"line":49,"column":33},"end":{"line":49,"column":33}}]},"15":{"type":"branch","line":49,"loc":{"start":{"line":49,"column":33},"end":{"line":49,"column":33}},"locations":[{"start":{"line":49,"column":33},"end":{"line":49,"column":33}}]},"16":{"type":"branch","line":49,"loc":{"start":{"line":49,"column":33},"end":{"line":49,"column":33}},"locations":[{"start":{"line":49,"column":33},"end":{"line":49,"column":33}}]},"17":{"type":"branch","line":49,"loc":{"start":{"line":49,"column":33},"end":{"line":49,"column":33}},"locations":[{"start":{"line":49,"column":33},"end":{"line":49,"column":33}}]},"18":{"type":"branch","line":49,"loc":{"start":{"line":49,"column":33},"end":{"line":49,"column":33}},"locations":[{"start":{"line":49,"column":33},"end":{"line":49,"column":33}}]},"19":{"type":"branch","line":49,"loc":{"start":{"line":49,"column":33},"end":{"line":49,"column":33}},"locations":[{"start":{"line":49,"column":33},"end":{"line":49,"column":33}}]},"20":{"type":"branch","line":49,"loc":{"start":{"line":49,"column":33},"end":{"line":49,"column":33}},"locations":[{"start":{"line":49,"column":33},"end":{"line":49,"column":33}}]},"21":{"type":"branch","line":49,"loc":{"start":{"line":49,"column":33},"end":{"line":49,"column":33}},"locations":[{"start":{"line":49,"column":33},"end":{"line":49,"column":33}}]},"22":{"type":"branch","line":49,"loc":{"start":{"line":49,"column":33},"end":{"line":49,"column":33}},"locations":[{"start":{"line":49,"column":33},"end":{"line":49,"column":33}}]},"23":{"type":"branch","line":49,"loc":{"start":{"line":49,"column":33},"end":{"line":49,"column":33}},"locations":[{"start":{"line":49,"column":33},"end":{"line":49,"column":33}}]},"24":{"type":"branch","line":49,"loc":{"start":{"line":49,"column":33},"end":{"line":49,"column":33}},"locations":[{"start":{"line":49,"column":33},"end":{"line":49,"column":33}}]},"25":{"type":"branch","line":49,"loc":{"start":{"line":49,"column":33},"end":{"line":49,"column":33}},"locations":[{"start":{"line":49,"column":33},"end":{"line":49,"column":33}}]},"26":{"type":"branch","line":49,"loc":{"start":{"line":49,"column":33},"end":{"line":49,"column":33}},"locations":[{"start":{"line":49,"column":33},"end":{"line":49,"column":33}}]},"27":{"type":"branch","line":49,"loc":{"start":{"line":49,"column":33},"end":{"line":49,"column":33}},"locations":[{"start":{"line":49,"column":33},"end":{"line":49,"column":33}}]},"28":{"type":"branch","line":49,"loc":{"start":{"line":49,"column":33},"end":{"line":49,"column":33}},"locations":[{"start":{"line":49,"column":33},"end":{"line":49,"column":33}}]},"29":{"type":"branch","line":49,"loc":{"start":{"line":49,"column":33},"end":{"line":49,"column":33}},"locations":[{"start":{"line":49,"column":33},"end":{"line":49,"column":33}}]},"30":{"type":"branch","line":49,"loc":{"start":{"line":49,"column":33},"end":{"line":49,"column":33}},"locations":[{"start":{"line":49,"column":33},"end":{"line":49,"column":33}}]},"31":{"type":"branch","line":49,"loc":{"start":{"line":49,"column":33},"end":{"line":49,"column":33}},"locations":[{"start":{"line":49,"column":33},"end":{"line":49,"column":33}}]},"32":{"type":"branch","line":49,"loc":{"start":{"line":49,"column":33},"end":{"line":49,"column":33}},"locations":[{"start":{"line":49,"column":33},"end":{"line":49,"column":33}}]},"33":{"type":"branch","line":49,"loc":{"start":{"line":49,"column":33},"end":{"line":49,"column":33}},"locations":[{"start":{"line":49,"column":33},"end":{"line":49,"column":33}}]},"34":{"type":"branch","line":49,"loc":{"start":{"line":49,"column":33},"end":{"line":49,"column":33}},"locations":[{"start":{"line":49,"column":33},"end":{"line":49,"column":33}}]},"35":{"type":"branch","line":49,"loc":{"start":{"line":49,"column":33},"end":{"line":49,"column":33}},"locations":[{"start":{"line":49,"column":33},"end":{"line":49,"column":33}}]},"36":{"type":"branch","line":49,"loc":{"start":{"line":49,"column":33},"end":{"line":49,"column":33}},"locations":[{"start":{"line":49,"column":33},"end":{"line":49,"column":33}}]},"37":{"type":"branch","line":49,"loc":{"start":{"line":49,"column":33},"end":{"line":49,"column":33}},"locations":[{"start":{"line":49,"column":33},"end":{"line":49,"column":33}}]},"38":{"type":"branch","line":49,"loc":{"start":{"line":49,"column":33},"end":{"line":49,"column":33}},"locations":[{"start":{"line":49,"column":33},"end":{"line":49,"column":33}}]},"39":{"type":"branch","line":49,"loc":{"start":{"line":49,"column":33},"end":{"line":49,"column":33}},"locations":[{"start":{"line":49,"column":33},"end":{"line":49,"column":33}}]},"40":{"type":"branch","line":49,"loc":{"start":{"line":49,"column":33},"end":{"line":49,"column":33}},"locations":[{"start":{"line":49,"column":33},"end":{"line":49,"column":33}}]},"41":{"type":"branch","line":49,"loc":{"start":{"line":49,"column":33},"end":{"line":49,"column":33}},"locations":[{"start":{"line":49,"column":33},"end":{"line":49,"column":33}}]},"42":{"type":"branch","line":49,"loc":{"start":{"line":49,"column":33},"end":{"line":49,"column":33}},"locations":[{"start":{"line":49,"column":33},"end":{"line":49,"column":33}}]},"43":{"type":"branch","line":49,"loc":{"start":{"line":49,"column":33},"end":{"line":49,"column":33}},"locations":[{"start":{"line":49,"column":33},"end":{"line":49,"column":33}}]},"44":{"type":"branch","line":49,"loc":{"start":{"line":49,"column":33},"end":{"line":49,"column":33}},"locations":[{"start":{"line":49,"column":33},"end":{"line":49,"column":33}}]},"45":{"type":"branch","line":49,"loc":{"start":{"line":49,"column":33},"end":{"line":49,"column":33}},"locations":[{"start":{"line":49,"column":33},"end":{"line":49,"column":33}}]},"46":{"type":"branch","line":49,"loc":{"start":{"line":49,"column":33},"end":{"line":49,"column":33}},"locations":[{"start":{"line":49,"column":33},"end":{"line":49,"column":33}}]},"47":{"type":"branch","line":49,"loc":{"start":{"line":49,"column":33},"end":{"line":49,"column":33}},"locations":[{"start":{"line":49,"column":33},"end":{"line":49,"column":33}}]},"48":{"type":"branch","line":49,"loc":{"start":{"line":49,"column":33},"end":{"line":49,"column":33}},"locations":[{"start":{"line":49,"column":33},"end":{"line":49,"column":33}}]},"49":{"type":"branch","line":49,"loc":{"start":{"line":49,"column":33},"end":{"line":49,"column":33}},"locations":[{"start":{"line":49,"column":33},"end":{"line":49,"column":33}}]},"50":{"type":"branch","line":49,"loc":{"start":{"line":49,"column":33},"end":{"line":49,"column":33}},"locations":[{"start":{"line":49,"column":33},"end":{"line":49,"column":33}}]},"51":{"type":"branch","line":49,"loc":{"start":{"line":49,"column":33},"end":{"line":49,"column":33}},"locations":[{"start":{"line":49,"column":33},"end":{"line":49,"column":33}}]},"52":{"type":"branch","line":49,"loc":{"start":{"line":49,"column":33},"end":{"line":49,"column":33}},"locations":[{"start":{"line":49,"column":33},"end":{"line":49,"column":33}}]},"53":{"type":"branch","line":49,"loc":{"start":{"line":49,"column":33},"end":{"line":49,"column":33}},"locations":[{"start":{"line":49,"column":33},"end":{"line":49,"column":33}}]},"54":{"type":"branch","line":49,"loc":{"start":{"line":49,"column":33},"end":{"line":49,"column":33}},"locations":[{"start":{"line":49,"column":33},"end":{"line":49,"column":33}}]},"55":{"type":"branch","line":49,"loc":{"start":{"line":49,"column":33},"end":{"line":49,"column":33}},"locations":[{"start":{"line":49,"column":33},"end":{"line":49,"column":33}}]},"56":{"type":"branch","line":49,"loc":{"start":{"line":49,"column":33},"end":{"line":49,"column":33}},"locations":[{"start":{"line":49,"column":33},"end":{"line":49,"column":33}}]},"57":{"type":"branch","line":49,"loc":{"start":{"line":49,"column":33},"end":{"line":49,"column":33}},"locations":[{"start":{"line":49,"column":33},"end":{"line":49,"column":33}}]},"58":{"type":"branch","line":49,"loc":{"start":{"line":49,"column":33},"end":{"line":49,"column":33}},"locations":[{"start":{"line":49,"column":33},"end":{"line":49,"column":33}}]},"59":{"type":"branch","line":17,"loc":{"start":{"line":17,"column":0},"end":{"line":47,"column":1}},"locations":[{"start":{"line":17,"column":0},"end":{"line":47,"column":1}}]},"60":{"type":"branch","line":18,"loc":{"start":{"line":18,"column":2},"end":{"line":24,"column":6}},"locations":[{"start":{"line":18,"column":2},"end":{"line":24,"column":6}}]},"61":{"type":"branch","line":26,"loc":{"start":{"line":26,"column":2},"end":{"line":46,"column":3}},"locations":[{"start":{"line":26,"column":2},"end":{"line":46,"column":3}}]},"62":{"type":"branch","line":49,"loc":{"start":{"line":49,"column":33},"end":{"line":49,"column":33}},"locations":[{"start":{"line":49,"column":33},"end":{"line":49,"column":33}}]},"63":{"type":"branch","line":49,"loc":{"start":{"line":49,"column":33},"end":{"line":49,"column":33}},"locations":[{"start":{"line":49,"column":33},"end":{"line":49,"column":33}}]},"64":{"type":"branch","line":49,"loc":{"start":{"line":49,"column":33},"end":{"line":49,"column":33}},"locations":[{"start":{"line":49,"column":33},"end":{"line":49,"column":33}}]},"65":{"type":"branch","line":49,"loc":{"start":{"line":49,"column":33},"end":{"line":49,"column":33}},"locations":[{"start":{"line":49,"column":33},"end":{"line":49,"column":33}}]},"66":{"type":"branch","line":49,"loc":{"start":{"line":49,"column":33},"end":{"line":49,"column":33}},"locations":[{"start":{"line":49,"column":33},"end":{"line":49,"column":33}}]},"67":{"type":"branch","line":30,"loc":{"start":{"line":30,"column":27},"end":{"line":32,"column":7}},"locations":[{"start":{"line":30,"column":27},"end":{"line":32,"column":7}}]},"68":{"type":"branch","line":49,"loc":{"start":{"line":49,"column":33},"end":{"line":49,"column":33}},"locations":[{"start":{"line":49,"column":33},"end":{"line":49,"column":33}}]},"69":{"type":"branch","line":49,"loc":{"start":{"line":49,"column":33},"end":{"line":49,"column":33}},"locations":[{"start":{"line":49,"column":33},"end":{"line":49,"column":33}}]},"70":{"type":"branch","line":49,"loc":{"start":{"line":49,"column":33},"end":{"line":49,"column":33}},"locations":[{"start":{"line":49,"column":33},"end":{"line":49,"column":33}}]},"71":{"type":"branch","line":49,"loc":{"start":{"line":49,"column":33},"end":{"line":49,"column":33}},"locations":[{"start":{"line":49,"column":33},"end":{"line":49,"column":33}}]},"72":{"type":"branch","line":49,"loc":{"start":{"line":49,"column":33},"end":{"line":49,"column":33}},"locations":[{"start":{"line":49,"column":33},"end":{"line":49,"column":33}}]}},"b":{"0":[2],"1":[2],"2":[0],"3":[0],"4":[0],"5":[0],"6":[2],"7":[4],"8":[4],"9":[4],"10":[12],"11":[0],"12":[4],"13":[12],"14":[0],"15":[16],"16":[4],"17":[12],"18":[4],"19":[12],"20":[0],"21":[12],"22":[16],"23":[16],"24":[0],"25":[36],"26":[0],"27":[0],"28":[0],"29":[0],"30":[16],"31":[16],"32":[0],"33":[12],"34":[0],"35":[8],"36":[4],"37":[4],"38":[4],"39":[0],"40":[0],"41":[4],"42":[0],"43":[0],"44":[4],"45":[0],"46":[4],"47":[0],"48":[4],"49":[0],"50":[16],"51":[0],"52":[16],"53":[4],"54":[0],"55":[4],"56":[0],"57":[2],"58":[0],"59":[2],"60":[3],"61":[4],"62":[4],"63":[16],"64":[4],"65":[0],"66":[4],"67":[0],"68":[0],"69":[4],"70":[0],"71":[4],"72":[0]},"fnMap":{"0":{"name":"__decorate","decl":{"start":{"line":49,"column":33},"end":{"line":49,"column":33}},"loc":{"start":{"line":49,"column":33},"end":{"line":49,"column":33}},"line":49},"1":{"name":"__metadata","decl":{"start":{"line":49,"column":33},"end":{"line":49,"column":33}},"loc":{"start":{"line":49,"column":33},"end":{"line":49,"column":33}},"line":49},"2":{"name":"__param","decl":{"start":{"line":49,"column":33},"end":{"line":49,"column":33}},"loc":{"start":{"line":49,"column":33},"end":{"line":49,"column":33}},"line":49},"3":{"name":"__awaiter","decl":{"start":{"line":49,"column":33},"end":{"line":49,"column":33}},"loc":{"start":{"line":49,"column":33},"end":{"line":49,"column":33}},"line":49},"4":{"name":"adopt","decl":{"start":{"line":49,"column":33},"end":{"line":49,"column":33}},"loc":{"start":{"line":49,"column":33},"end":{"line":49,"column":33}},"line":49},"5":{"name":"fulfilled","decl":{"start":{"line":49,"column":33},"end":{"line":49,"column":33}},"loc":{"start":{"line":49,"column":33},"end":{"line":49,"column":33}},"line":49},"6":{"name":"rejected","decl":{"start":{"line":49,"column":33},"end":{"line":49,"column":33}},"loc":{"start":{"line":49,"column":33},"end":{"line":49,"column":33}},"line":49},"7":{"name":"step","decl":{"start":{"line":49,"column":33},"end":{"line":49,"column":33}},"loc":{"start":{"line":49,"column":33},"end":{"line":49,"column":33}},"line":49},"8":{"name":"__generator","decl":{"start":{"line":49,"column":33},"end":{"line":49,"column":33}},"loc":{"start":{"line":49,"column":33},"end":{"line":49,"column":33}},"line":49},"9":{"name":"sent","decl":{"start":{"line":49,"column":33},"end":{"line":49,"column":33}},"loc":{"start":{"line":49,"column":33},"end":{"line":49,"column":33}},"line":49},"10":{"name":"Symbol.function.g.(anonymous function)","decl":{"start":{"line":49,"column":33},"end":{"line":49,"column":33}},"loc":{"start":{"line":49,"column":33},"end":{"line":49,"column":33}},"line":49},"11":{"name":"verb","decl":{"start":{"line":49,"column":33},"end":{"line":49,"column":33}},"loc":{"start":{"line":49,"column":33},"end":{"line":49,"column":33}},"line":49},"12":{"name":"step","decl":{"start":{"line":49,"column":33},"end":{"line":49,"column":33}},"loc":{"start":{"line":49,"column":33},"end":{"line":49,"column":33}},"line":49},"13":{"name":"__importDefault","decl":{"start":{"line":49,"column":33},"end":{"line":49,"column":33}},"loc":{"start":{"line":49,"column":33},"end":{"line":49,"column":33}},"line":49},"14":{"name":"CreateUserService","decl":{"start":{"line":18,"column":2},"end":{"line":24,"column":6}},"loc":{"start":{"line":18,"column":2},"end":{"line":24,"column":6}},"line":18},"15":{"name":"CreateUserService.execute","decl":{"start":{"line":26,"column":2},"end":{"line":46,"column":3}},"loc":{"start":{"line":26,"column":2},"end":{"line":46,"column":3}},"line":26}},"f":{"0":2,"1":2,"2":4,"3":4,"4":12,"5":12,"6":0,"7":16,"8":4,"9":12,"10":0,"11":12,"12":16,"13":2,"14":3,"15":4}}
,"/home/leonardo/Documentos/projetos-rocket/goStack11/backend/node-01/src/modules/users/services/UpdateUserAvatarService.ts": {"path":"/home/leonardo/Documentos/projetos-rocket/goStack11/backend/node-01/src/modules/users/services/UpdateUserAvatarService.ts","statementMap":{"0":{"start":{"line":1,"column":0},"end":{"line":1,"column":24}},"1":{"start":{"line":2,"column":0},"end":{"line":2,"column":20}},"2":{"start":{"line":3,"column":0},"end":{"line":3,"column":0}},"3":{"start":{"line":4,"column":0},"end":{"line":4,"column":46}},"4":{"start":{"line":5,"column":0},"end":{"line":5,"column":0}},"5":{"start":{"line":6,"column":0},"end":{"line":6,"column":47}},"6":{"start":{"line":7,"column":0},"end":{"line":7,"column":42}},"7":{"start":{"line":8,"column":0},"end":{"line":8,"column":62}},"8":{"start":{"line":9,"column":0},"end":{"line":9,"column":0}},"9":{"start":{"line":10,"column":0},"end":{"line":10,"column":64}},"10":{"start":{"line":11,"column":0},"end":{"line":11,"column":19}},"11":{"start":{"line":12,"column":0},"end":{"line":12,"column":18}},"12":{"start":{"line":13,"column":0},"end":{"line":13,"column":25}},"13":{"start":{"line":14,"column":0},"end":{"line":14,"column":1}},"14":{"start":{"line":15,"column":0},"end":{"line":15,"column":0}},"15":{"start":{"line":16,"column":0},"end":{"line":16,"column":13}},"16":{"start":{"line":17,"column":0},"end":{"line":17,"column":31}},"17":{"start":{"line":18,"column":0},"end":{"line":18,"column":14}},"18":{"start":{"line":19,"column":0},"end":{"line":19,"column":30}},"19":{"start":{"line":20,"column":0},"end":{"line":20,"column":45}},"20":{"start":{"line":21,"column":0},"end":{"line":21,"column":6}},"21":{"start":{"line":22,"column":0},"end":{"line":22,"column":0}},"22":{"start":{"line":23,"column":0},"end":{"line":23,"column":75}},"23":{"start":{"line":24,"column":0},"end":{"line":24,"column":62}},"24":{"start":{"line":25,"column":0},"end":{"line":25,"column":0}},"25":{"start":{"line":26,"column":0},"end":{"line":26,"column":16}},"26":{"start":{"line":27,"column":0},"end":{"line":27,"column":71}},"27":{"start":{"line":28,"column":0},"end":{"line":28,"column":5}},"28":{"start":{"line":29,"column":0},"end":{"line":29,"column":0}},"29":{"start":{"line":30,"column":0},"end":{"line":30,"column":22}},"30":{"start":{"line":31,"column":0},"end":{"line":31,"column":80}},"31":{"start":{"line":32,"column":0},"end":{"line":32,"column":78}},"32":{"start":{"line":33,"column":0},"end":{"line":33,"column":4}},"33":{"start":{"line":34,"column":0},"end":{"line":34,"column":33}},"34":{"start":{"line":35,"column":0},"end":{"line":35,"column":54}},"35":{"start":{"line":36,"column":0},"end":{"line":36,"column":7}},"36":{"start":{"line":37,"column":0},"end":{"line":37,"column":5}},"37":{"start":{"line":38,"column":0},"end":{"line":38,"column":0}},"38":{"start":{"line":39,"column":0},"end":{"line":39,"column":33}},"39":{"start":{"line":40,"column":0},"end":{"line":40,"column":0}},"40":{"start":{"line":41,"column":0},"end":{"line":41,"column":42}},"41":{"start":{"line":42,"column":0},"end":{"line":42,"column":0}},"42":{"start":{"line":43,"column":0},"end":{"line":43,"column":16}},"43":{"start":{"line":44,"column":0},"end":{"line":44,"column":3}},"44":{"start":{"line":45,"column":0},"end":{"line":45,"column":1}},"45":{"start":{"line":46,"column":0},"end":{"line":46,"column":0}},"46":{"start":{"line":47,"column":0},"end":{"line":47,"column":39}}},"s":{"0":0,"1":0,"2":0,"3":0,"4":0,"5":0,"6":0,"7":0,"8":0,"9":0,"10":0,"11":0,"12":0,"13":0,"14":0,"15":0,"16":0,"17":0,"18":0,"19":0,"20":0,"21":0,"22":0,"23":0,"24":0,"25":0,"26":0,"27":0,"28":0,"29":0,"30":0,"31":0,"32":0,"33":0,"34":0,"35":0,"36":0,"37":0,"38":0,"39":0,"40":0,"41":0,"42":0,"43":0,"44":0,"45":0,"46":0},"branchMap":{"0":{"type":"branch","line":1,"loc":{"start":{"line":1,"column":0},"end":{"line":47,"column":39}},"locations":[{"start":{"line":1,"column":0},"end":{"line":47,"column":39}}]}},"b":{"0":[0]},"fnMap":{"0":{"name":"(empty-report)","decl":{"start":{"line":1,"column":0},"end":{"line":47,"column":39}},"loc":{"start":{"line":1,"column":0},"end":{"line":47,"column":39}},"line":1}},"f":{"0":0}}
}
