TN:
SF:src/modules/appointments/services/CreateAppointmentService.ts
FN:57,__decorate
FN:57,__metadata
FN:57,__param
FN:57,__awaiter
FN:57,adopt
FN:57,fulfilled
FN:57,rejected
FN:57,step
FN:57,__generator
FN:57,sent
FN:57,Symbol.function.g.(anonymous function)
FN:57,verb
FN:57,step
FN:57,__importDefault
FN:27,CreateAppointmentService
FN:32,CreateAppointmentService.execute
FNF:16
FNH:14
FNDA:1,__decorate
FNDA:1,__metadata
FNDA:1,__param
FNDA:3,__awaiter
FNDA:6,adopt
FNDA:6,fulfilled
FNDA:0,rejected
FNDA:9,step
FNDA:3,__generator
FNDA:6,sent
FNDA:0,Symbol.function.g.(anonymous function)
FNDA:9,verb
FNDA:9,step
FNDA:1,__importDefault
FNDA:2,CreateAppointmentService
FNDA:3,CreateAppointmentService.execute
DA:1,1
DA:2,1
DA:3,1
DA:4,1
DA:5,1
DA:6,1
DA:7,1
DA:8,1
DA:9,1
DA:10,1
DA:11,1
DA:12,1
DA:13,1
DA:14,1
DA:15,1
DA:16,1
DA:17,1
DA:18,1
DA:19,1
DA:20,1
DA:21,1
DA:22,1
DA:23,1
DA:24,1
DA:25,1
DA:26,1
DA:27,1
DA:28,2
DA:29,2
DA:30,2
DA:31,1
DA:32,1
DA:33,3
DA:34,3
DA:35,3
DA:36,3
DA:37,3
DA:38,3
DA:39,3
DA:40,3
DA:41,0
DA:42,0
DA:43,3
DA:44,3
DA:45,3
DA:46,3
DA:47,3
DA:48,3
DA:49,3
DA:50,3
DA:51,3
DA:52,3
DA:53,3
DA:54,3
DA:55,1
DA:56,1
DA:57,1
LF:57
LH:55
BRDA:57,0,0,1
BRDA:57,1,0,1
BRDA:57,2,0,0
BRDA:57,3,0,0
BRDA:57,4,0,0
BRDA:57,5,0,0
BRDA:57,6,0,1
BRDA:57,7,0,1
BRDA:57,8,0,1
BRDA:57,9,0,3
BRDA:57,10,0,6
BRDA:57,11,0,0
BRDA:57,12,0,3
BRDA:57,13,0,6
BRDA:57,14,0,0
BRDA:57,15,0,9
BRDA:57,16,0,3
BRDA:57,17,0,6
BRDA:57,18,0,3
BRDA:57,19,0,6
BRDA:57,20,0,0
BRDA:57,21,0,9
BRDA:57,22,0,9
BRDA:57,23,0,9
BRDA:57,24,0,0
BRDA:57,25,0,21
BRDA:57,26,0,0
BRDA:57,27,0,0
BRDA:57,28,0,0
BRDA:57,29,0,0
BRDA:57,30,0,9
BRDA:57,31,0,9
BRDA:57,32,0,0
BRDA:57,33,0,6
BRDA:57,34,0,0
BRDA:57,35,0,6
BRDA:57,36,0,3
BRDA:57,37,0,3
BRDA:57,38,0,3
BRDA:57,39,0,0
BRDA:57,40,0,0
BRDA:57,41,0,3
BRDA:57,42,0,0
BRDA:57,43,0,0
BRDA:57,44,0,3
BRDA:57,45,0,0
BRDA:57,46,0,3
BRDA:57,47,0,0
BRDA:57,48,0,3
BRDA:57,49,0,0
BRDA:57,50,0,9
BRDA:57,51,0,0
BRDA:57,52,0,9
BRDA:57,53,0,3
BRDA:57,54,0,0
BRDA:57,55,0,3
BRDA:57,56,0,0
BRDA:57,57,0,1
BRDA:57,58,0,0
BRDA:26,59,0,1
BRDA:27,60,0,2
BRDA:32,61,0,3
BRDA:57,62,0,3
BRDA:57,63,0,9
BRDA:57,64,0,3
BRDA:57,65,0,0
BRDA:57,66,0,3
BRDA:40,67,0,0
BRDA:57,68,0,0
BRDA:57,69,0,3
BRDA:57,70,0,0
BRF:71
BRH:42
end_of_record
TN:
SF:src/modules/users/services/AuthenticateUserService.ts
FN:64,__decorate
FN:64,__metadata
FN:64,__param
FN:64,__awaiter
FN:64,adopt
FN:64,fulfilled
FN:64,rejected
FN:64,step
FN:64,__generator
FN:64,sent
FN:64,Symbol.function.g.(anonymous function)
FN:64,verb
FN:64,step
FN:64,__importDefault
FN:24,AuthenticateUserService
FN:32,AuthenticateUserService.execute
FNF:16
FNH:14
FNDA:1,__decorate
FNDA:1,__metadata
FNDA:2,__param
FNDA:1,__awaiter
FNDA:1,adopt
FNDA:1,fulfilled
FNDA:0,rejected
FNDA:1,step
FNDA:1,__generator
FNDA:2,sent
FNDA:0,Symbol.function.g.(anonymous function)
FNDA:3,verb
FNDA:2,step
FNDA:2,__importDefault
FNDA:1,AuthenticateUserService
FNDA:1,AuthenticateUserService.execute
DA:1,1
DA:2,1
DA:3,1
DA:4,1
DA:5,1
DA:6,1
DA:7,1
DA:8,1
DA:9,1
DA:10,1
DA:11,1
DA:12,1
DA:13,1
DA:14,1
DA:15,1
DA:16,1
DA:17,1
DA:18,1
DA:19,1
DA:20,1
DA:21,1
DA:22,1
DA:23,1
DA:24,1
DA:25,1
DA:26,1
DA:27,1
DA:28,1
DA:29,1
DA:30,1
DA:31,1
DA:32,1
DA:33,1
DA:34,1
DA:35,1
DA:36,1
DA:37,1
DA:38,1
DA:39,0
DA:40,0
DA:41,1
DA:42,1
DA:43,1
DA:44,1
DA:45,1
DA:46,1
DA:47,1
DA:48,1
DA:49,1
DA:50,1
DA:51,1
DA:52,1
DA:53,1
DA:54,1
DA:55,1
DA:56,1
DA:57,1
DA:58,1
DA:59,1
DA:60,1
DA:61,1
DA:62,1
DA:63,1
DA:64,1
LF:64
LH:62
BRDA:64,0,0,1
BRDA:64,1,0,1
BRDA:64,2,0,0
BRDA:64,3,0,0
BRDA:64,4,0,0
BRDA:64,5,0,0
BRDA:64,6,0,1
BRDA:64,7,0,2
BRDA:64,8,0,2
BRDA:64,9,0,1
BRDA:64,10,0,1
BRDA:64,11,0,0
BRDA:64,12,0,1
BRDA:64,13,0,1
BRDA:64,14,0,0
BRDA:64,15,0,1
BRDA:64,16,0,0
BRDA:64,17,0,1
BRDA:64,18,0,2
BRDA:64,19,0,0
BRDA:64,20,0,3
BRDA:64,21,0,2
BRDA:64,22,0,2
BRDA:64,23,0,0
BRDA:64,24,0,6
BRDA:64,25,0,0
BRDA:64,26,0,0
BRDA:64,27,0,0
BRDA:64,28,0,0
BRDA:64,29,0,2
BRDA:64,30,0,2
BRDA:64,31,0,0
BRDA:64,32,0,1
BRDA:64,33,0,0
BRDA:64,34,0,3
BRDA:64,35,0,2
BRDA:64,36,0,1
BRDA:64,37,0,0
BRDA:64,38,0,1
BRDA:64,39,0,2
BRDA:64,40,0,0
BRDA:64,41,0,0
BRDA:64,42,0,2
BRDA:64,43,0,1
BRDA:64,44,0,0
BRDA:64,45,0,1
BRDA:64,46,0,0
BRDA:64,47,0,1
BRDA:64,48,0,0
BRDA:64,49,0,3
BRDA:64,50,0,1
BRDA:64,51,0,2
BRDA:64,52,0,3
BRDA:64,53,0,1
BRDA:64,54,0,0
BRDA:64,55,0,0
BRDA:64,56,0,2
BRDA:64,57,0,0
BRDA:23,58,0,1
BRDA:24,59,0,1
BRDA:32,60,0,1
BRDA:64,61,0,1
BRDA:64,62,0,3
BRDA:64,63,0,1
BRDA:64,64,0,0
BRDA:64,65,0,1
BRDA:38,66,0,0
BRDA:64,67,0,0
BRDA:64,68,0,1
BRDA:64,69,0,0
BRF:70
BRH:42
end_of_record
TN:
SF:src/modules/users/services/CreateUserService.ts
FN:49,__decorate
FN:49,__metadata
FN:49,__param
FN:49,__awaiter
FN:49,adopt
FN:49,fulfilled
FN:49,rejected
FN:49,step
FN:49,__generator
FN:49,sent
FN:49,Symbol.function.g.(anonymous function)
FN:49,verb
FN:49,step
FN:49,__importDefault
FN:18,CreateUserService
FN:26,CreateUserService.execute
FNF:16
FNH:14
FNDA:2,__decorate
FNDA:2,__metadata
FNDA:4,__param
FNDA:4,__awaiter
FNDA:12,adopt
FNDA:12,fulfilled
FNDA:0,rejected
FNDA:16,step
FNDA:4,__generator
FNDA:12,sent
FNDA:0,Symbol.function.g.(anonymous function)
FNDA:12,verb
FNDA:16,step
FNDA:2,__importDefault
FNDA:3,CreateUserService
FNDA:4,CreateUserService.execute
DA:1,1
DA:2,1
DA:3,1
DA:4,1
DA:5,1
DA:6,1
DA:7,1
DA:8,1
DA:9,1
DA:10,1
DA:11,1
DA:12,1
DA:13,1
DA:14,1
DA:15,1
DA:16,1
DA:17,2
DA:18,2
DA:19,3
DA:20,3
DA:21,3
DA:22,3
DA:23,3
DA:24,3
DA:25,2
DA:26,2
DA:27,4
DA:28,4
DA:29,4
DA:30,4
DA:31,0
DA:32,0
DA:33,4
DA:34,4
DA:35,4
DA:36,4
DA:37,4
DA:38,4
DA:39,4
DA:40,4
DA:41,4
DA:42,4
DA:43,4
DA:44,4
DA:45,4
DA:46,4
DA:47,2
DA:48,1
DA:49,1
LF:49
LH:47
BRDA:49,0,0,2
BRDA:49,1,0,2
BRDA:49,2,0,0
BRDA:49,3,0,0
BRDA:49,4,0,0
BRDA:49,5,0,0
BRDA:49,6,0,2
BRDA:49,7,0,4
BRDA:49,8,0,4
BRDA:49,9,0,4
BRDA:49,10,0,12
BRDA:49,11,0,0
BRDA:49,12,0,4
BRDA:49,13,0,12
BRDA:49,14,0,0
BRDA:49,15,0,16
BRDA:49,16,0,4
BRDA:49,17,0,12
BRDA:49,18,0,4
BRDA:49,19,0,12
BRDA:49,20,0,0
BRDA:49,21,0,12
BRDA:49,22,0,16
BRDA:49,23,0,16
BRDA:49,24,0,0
BRDA:49,25,0,36
BRDA:49,26,0,0
BRDA:49,27,0,0
BRDA:49,28,0,0
BRDA:49,29,0,0
BRDA:49,30,0,16
BRDA:49,31,0,16
BRDA:49,32,0,0
BRDA:49,33,0,12
BRDA:49,34,0,0
BRDA:49,35,0,8
BRDA:49,36,0,4
BRDA:49,37,0,4
BRDA:49,38,0,4
BRDA:49,39,0,0
BRDA:49,40,0,0
BRDA:49,41,0,4
BRDA:49,42,0,0
BRDA:49,43,0,0
BRDA:49,44,0,4
BRDA:49,45,0,0
BRDA:49,46,0,4
BRDA:49,47,0,0
BRDA:49,48,0,4
BRDA:49,49,0,0
BRDA:49,50,0,16
BRDA:49,51,0,0
BRDA:49,52,0,16
BRDA:49,53,0,4
BRDA:49,54,0,0
BRDA:49,55,0,4
BRDA:49,56,0,0
BRDA:49,57,0,2
BRDA:49,58,0,0
BRDA:17,59,0,2
BRDA:18,60,0,3
BRDA:26,61,0,4
BRDA:49,62,0,4
BRDA:49,63,0,16
BRDA:49,64,0,4
BRDA:49,65,0,0
BRDA:49,66,0,4
BRDA:30,67,0,0
BRDA:49,68,0,0
BRDA:49,69,0,4
BRDA:49,70,0,0
BRDA:49,71,0,4
BRDA:49,72,0,0
BRF:73
BRH:43
end_of_record
TN:
SF:src/modules/users/services/UpdateUserAvatarService.ts
FN:1,(empty-report)
FNF:1
FNH:0
FNDA:0,(empty-report)
DA:1,0
DA:2,0
DA:3,0
DA:4,0
DA:5,0
DA:6,0
DA:7,0
DA:8,0
DA:9,0
DA:10,0
DA:11,0
DA:12,0
DA:13,0
DA:14,0
DA:15,0
DA:16,0
DA:17,0
DA:18,0
DA:19,0
DA:20,0
DA:21,0
DA:22,0
DA:23,0
DA:24,0
DA:25,0
DA:26,0
DA:27,0
DA:28,0
DA:29,0
DA:30,0
DA:31,0
DA:32,0
DA:33,0
DA:34,0
DA:35,0
DA:36,0
DA:37,0
DA:38,0
DA:39,0
DA:40,0
DA:41,0
DA:42,0
DA:43,0
DA:44,0
DA:45,0
DA:46,0
DA:47,0
LF:47
LH:0
BRDA:1,0,0,0
BRF:1
BRH:0
end_of_record
